<?xml version="1.0" encoding="UTF-8"?>
<testsuites name="TS 1 - Collection 1" time="548.261" tests="25" failures="0" errors="0">
   <testsuite name="Valid data form" tests="16" failures="0" errors="0" time="351.255" skipped="0" timestamp="15-06-2025T15:12:41" hostname="Maulana - 192.168.0.126" id="Test Suites/Valid data form">
      <properties>
         <property name="deviceName" value=""/>
         <property name="devicePlatform"/>
         <property name="logFolder" value="C:\\Users\\M S I\\Katalon Studio\\web-maulana-afteroffice-katalon\\Reports\\20250615_151229\\Valid data form\\20250615_151230"/>
         <property name="logFiles" value="C:\\Users\\M S I\\Katalon Studio\\web-maulana-afteroffice-katalon\\Reports\\20250615_151229\\Valid data form\\20250615_151230\\execution0.log"/>
         <property name="attachments" value=""/>
         <property name="hostName" value="Maulana - 192.168.0.126"/>
         <property name="os" value="Windows 11 64bit"/>
         <property name="katalonVersion" value="9.6.0.217"/>
         <property name="browser" value="Chrome 137.0.0.0"/>
         <property name="hostAddress" value="192.168.0.126"/>
         <property name="sessionId" value="d1aeda81d983e5d34027911ded1c31a0"/>
         <property name="seleniumVersion" value="3.141.59"/>
         <property name="proxyInformation" value="ProxyInformation { proxyOption=NO_PROXY, proxyServerType=HTTP, username=, password=********, proxyServerAddress=, proxyServerPort=0, executionList=&quot;&quot;, isApplyToDesiredCapabilities=true }"/>
         <property name="platform" value="Windows 11"/>
      </properties>
      <testcase name="Test Cases/PF 1 - Load practice form" time="20.072" classname="Test Cases/PF 1 - Load practice form" status="PASSED">
         <system-out><![CDATA[15-06-2025T15:12:41 - [TEST_CASE][PASSED] - Test Cases/PF 1 - Load practice form: Test Cases/PF 1 - Load practice form

15-06-2025T15:12:41 - [TEST_STEP][PASSED] - openBrowser(""): Browser is opened with url: ''

15-06-2025T15:12:42 - [MESSAGE][INFO] - Starting 'Chrome' driver

15-06-2025T15:12:42 - [MESSAGE][INFO] - Action delay is set to 0 milliseconds

15-06-2025T15:12:44 - [MESSAGE][WARNING] - FFmpeg was not installed! Browser Recording will be disabled. Please follow this document to install FFmpeg first: https://docs.katalon.com/katalon-studio/docs/screenshots-videos.html#browser-based-recorder

15-06-2025T15:12:44 - [MESSAGE][PASSED] - Browser is opened with url: ''

15-06-2025T15:12:44 - [TEST_STEP][PASSED] - navigateToUrl("https://demoqa.com/automation-practice-form"): Navigate to 'https://demoqa.com/automation-practice-form' successfully

15-06-2025T15:13:00 - [MESSAGE][PASSED] - Navigate to 'https://demoqa.com/automation-practice-form' successfully

15-06-2025T15:13:00 - [TEST_STEP][PASSED] - verifyElementPresent(findTestObject("Object Repository/Practice Form/Title Name - Practice Form"), 0): Object 'Object Repository/Practice Form/Title Name - Practice Form' is present

15-06-2025T15:13:00 - [MESSAGE][WARNING] - Timeout '0' is invalid. Using default page load timeout: '30'

15-06-2025T15:13:00 - [MESSAGE][PASSED] - Object 'Object Repository/Practice Form/Title Name - Practice Form' is present

15-06-2025T15:13:00 - [TEST_STEP][PASSED] - closeBrowser(): Browser is closed

15-06-2025T15:13:01 - [MESSAGE][PASSED] - Browser is closed]]></system-out>
         <system-err><![CDATA[]]></system-err>
      </testcase>
      <testcase name="Test Cases/2. Normal Input/INP 1 - Valid data input to form" time="24.261" classname="Test Cases/2. Normal Input/INP 1 - Valid data input to form" status="PASSED">
         <system-out><![CDATA[15-06-2025T15:13:01 - [TEST_CASE][PASSED] - Test Cases/2. Normal Input/INP 1 - Valid data input to form: Test Cases/2. Normal Input/INP 1 - Valid data input to form

15-06-2025T15:13:01 - [TEST_STEP][PASSED] - openBrowser(""): Browser is opened with url: ''

15-06-2025T15:13:01 - [MESSAGE][INFO] - Starting 'Chrome' driver

15-06-2025T15:13:01 - [MESSAGE][INFO] - Action delay is set to 0 milliseconds

15-06-2025T15:13:02 - [MESSAGE][WARNING] - FFmpeg was not installed! Browser Recording will be disabled. Please follow this document to install FFmpeg first: https://docs.katalon.com/katalon-studio/docs/screenshots-videos.html#browser-based-recorder

15-06-2025T15:13:02 - [MESSAGE][PASSED] - Browser is opened with url: ''

15-06-2025T15:13:02 - [TEST_STEP][PASSED] - navigateToUrl(baseUrl): Navigate to 'https://demoqa.com/automation-practice-form' successfully

15-06-2025T15:13:19 - [MESSAGE][PASSED] - Navigate to 'https://demoqa.com/automation-practice-form' successfully

15-06-2025T15:13:19 - [TEST_STEP][PASSED] - verifyElementPresent(findTestObject("Object Repository/Practice Form/Title Name - Practice Form"), 0): Object 'Object Repository/Practice Form/Title Name - Practice Form' is present

15-06-2025T15:13:19 - [MESSAGE][WARNING] - Timeout '0' is invalid. Using default page load timeout: '30'

15-06-2025T15:13:19 - [MESSAGE][PASSED] - Object 'Object Repository/Practice Form/Title Name - Practice Form' is present

15-06-2025T15:13:19 - [TEST_STEP][PASSED] - setText(findTestObject("Object Repository/Practice Form/txtfield - First name"), firstName): Text 'Maulana' is set on object 'Object Repository/Practice Form/txtfield - First name'

15-06-2025T15:13:19 - [MESSAGE][PASSED] - Text 'Maulana' is set on object 'Object Repository/Practice Form/txtfield - First name'

15-06-2025T15:13:19 - [TEST_STEP][PASSED] - setText(findTestObject("Object Repository/Practice Form/txtfield - Last name"), lastName): Text 'Alfan' is set on object 'Object Repository/Practice Form/txtfield - Last name'

15-06-2025T15:13:20 - [MESSAGE][PASSED] - Text 'Alfan' is set on object 'Object Repository/Practice Form/txtfield - Last name'

15-06-2025T15:13:20 - [TEST_STEP][PASSED] - setText(findTestObject("Object Repository/Practice Form/txtfield - User Email"), email): Text 'maulanaalfany@gmail.com' is set on object 'Object Repository/Practice Form/txtfield - User Email'

15-06-2025T15:13:20 - [MESSAGE][PASSED] - Text 'maulanaalfany@gmail.com' is set on object 'Object Repository/Practice Form/txtfield - User Email'

15-06-2025T15:13:20 - [TEST_STEP][PASSED] - scrollToElement(findTestObject("Object Repository/Practice Form/radiobox - Male"), 0): Scroll to object 'Object Repository/Practice Form/radiobox - Male' successfully

15-06-2025T15:13:20 - [MESSAGE][WARNING] - Timeout '0' is invalid. Using default page load timeout: '30'

15-06-2025T15:13:20 - [MESSAGE][PASSED] - Scroll to object 'Object Repository/Practice Form/radiobox - Male' successfully

15-06-2025T15:13:20 - [TEST_STEP][PASSED] - if (gender == "Male"): Object: 'Object Repository/Practice Form/radiobox - Male' is clicked on

15-06-2025T15:13:20 - [TEST_STEP][PASSED] - click(findTestObject("Object Repository/Practice Form/radiobox - Male")): Object: 'Object Repository/Practice Form/radiobox - Male' is clicked on

15-06-2025T15:13:20 - [MESSAGE][PASSED] - Object: 'Object Repository/Practice Form/radiobox - Male' is clicked on

15-06-2025T15:13:20 - [TEST_STEP][PASSED] - scrollToElement(findTestObject("Object Repository/Practice Form/txtfield - Mobile number"), 0): Scroll to object 'Object Repository/Practice Form/txtfield - Mobile number' successfully

15-06-2025T15:13:20 - [MESSAGE][WARNING] - Timeout '0' is invalid. Using default page load timeout: '30'

15-06-2025T15:13:21 - [MESSAGE][PASSED] - Scroll to object 'Object Repository/Practice Form/txtfield - Mobile number' successfully

15-06-2025T15:13:21 - [TEST_STEP][PASSED] - setText(findTestObject("Object Repository/Practice Form/txtfield - Mobile number"), mobile): Text '0812345678' is set on object 'Object Repository/Practice Form/txtfield - Mobile number'

15-06-2025T15:13:21 - [MESSAGE][PASSED] - Text '0812345678' is set on object 'Object Repository/Practice Form/txtfield - Mobile number'

15-06-2025T15:13:21 - [TEST_STEP][PASSED] - scrollToElement(findTestObject("Object Repository/Practice Form/txtfield - Birth date"), 0): Scroll to object 'Object Repository/Practice Form/txtfield - Birth date' successfully

15-06-2025T15:13:21 - [MESSAGE][WARNING] - Timeout '0' is invalid. Using default page load timeout: '30'

15-06-2025T15:13:21 - [MESSAGE][PASSED] - Scroll to object 'Object Repository/Practice Form/txtfield - Birth date' successfully

15-06-2025T15:13:21 - [TEST_STEP][PASSED] - click(findTestObject("Object Repository/Practice Form/txtfield - Birth date")): Object: 'Object Repository/Practice Form/txtfield - Birth date' is clicked on

15-06-2025T15:13:21 - [MESSAGE][PASSED] - Object: 'Object Repository/Practice Form/txtfield - Birth date' is clicked on

15-06-2025T15:13:21 - [TEST_STEP][PASSED] - click(findTestObject("Object Repository/Practice Form/specific date picker")): Object: 'Object Repository/Practice Form/specific date picker' is clicked on

15-06-2025T15:13:21 - [MESSAGE][PASSED] - Object: 'Object Repository/Practice Form/specific date picker' is clicked on

15-06-2025T15:13:21 - [TEST_STEP][PASSED] - scrollToElement(findTestObject("Object Repository/Practice Form/txtfield - Subjects"), 0): Scroll to object 'Object Repository/Practice Form/txtfield - Subjects' successfully

15-06-2025T15:13:21 - [MESSAGE][WARNING] - Timeout '0' is invalid. Using default page load timeout: '30'

15-06-2025T15:13:21 - [MESSAGE][PASSED] - Scroll to object 'Object Repository/Practice Form/txtfield - Subjects' successfully

15-06-2025T15:13:21 - [TEST_STEP][PASSED] - if (subjects != null): Text 'Maths' is set on object 'Object Repository/Practice Form/txtfield - Subjects'

15-06-2025T15:13:21 - [TEST_STEP][PASSED] - setText(findTestObject("Object Repository/Practice Form/txtfield - Subjects"), subjects): Text 'Maths' is set on object 'Object Repository/Practice Form/txtfield - Subjects'

15-06-2025T15:13:21 - [MESSAGE][PASSED] - Text 'Maths' is set on object 'Object Repository/Practice Form/txtfield - Subjects'

15-06-2025T15:13:21 - [TEST_STEP][PASSED] - sendKeys(findTestObject("Object Repository/Practice Form/txtfield - Subjects"), TAB.toString()): Keys 'TAB + ' sent to object: 'Object Repository/Practice Form/txtfield - Subjects'

15-06-2025T15:13:21 - [MESSAGE][PASSED] - Keys 'TAB + ' sent to object: 'Object Repository/Practice Form/txtfield - Subjects'

15-06-2025T15:13:21 - [TEST_STEP][PASSED] - scrollToElement(findTestObject("Object Repository/Practice Form/checkbox - Sports"), 0): Scroll to object 'Object Repository/Practice Form/checkbox - Sports' successfully

15-06-2025T15:13:21 - [MESSAGE][WARNING] - Timeout '0' is invalid. Using default page load timeout: '30'

15-06-2025T15:13:21 - [MESSAGE][PASSED] - Scroll to object 'Object Repository/Practice Form/checkbox - Sports' successfully

15-06-2025T15:13:21 - [TEST_STEP][PASSED] - if (hobbies == "Sports"): null

15-06-2025T15:13:21 - [TEST_STEP][PASSED] - else if (hobbies == "Reading"): Object: 'Object Repository/Practice Form/checkbox - Reading' is clicked on

15-06-2025T15:13:21 - [TEST_STEP][PASSED] - click(findTestObject("Object Repository/Practice Form/checkbox - Reading")): Object: 'Object Repository/Practice Form/checkbox - Reading' is clicked on

15-06-2025T15:13:22 - [MESSAGE][PASSED] - Object: 'Object Repository/Practice Form/checkbox - Reading' is clicked on

15-06-2025T15:13:22 - [TEST_STEP][PASSED] - imagePath = getProjectDir() + "/Include/image/gambarDummy.jpeg": null

15-06-2025T15:13:22 - [TEST_STEP][PASSED] - uploadFile(findTestObject("Object Repository/Practice Form/file - Picture"), imagePath): File 'C:/Users/M S I/Katalon Studio/web-maulana-afteroffice-katalon/Include/image/gambarDummy.jpeg' sent to object: 'Object Repository/Practice Form/file - Picture'

15-06-2025T15:13:22 - [MESSAGE][PASSED] - File 'C:/Users/M S I/Katalon Studio/web-maulana-afteroffice-katalon/Include/image/gambarDummy.jpeg' sent to object: 'Object Repository/Practice Form/file - Picture'

15-06-2025T15:13:22 - [TEST_STEP][PASSED] - scrollToElement(findTestObject("Object Repository/Practice Form/textarea - Current address"), 0): Scroll to object 'Object Repository/Practice Form/textarea - Current address' successfully

15-06-2025T15:13:22 - [MESSAGE][WARNING] - Timeout '0' is invalid. Using default page load timeout: '30'

15-06-2025T15:13:22 - [MESSAGE][PASSED] - Scroll to object 'Object Repository/Practice Form/textarea - Current address' successfully

15-06-2025T15:13:22 - [TEST_STEP][PASSED] - setText(findTestObject("Object Repository/Practice Form/textarea - Current address"), currentAddress): Text 'Jl. Mangga murah nomor 23 Malang Jawa Timur' is set on object 'Object Repository/Practice Form/textarea - Current address'

15-06-2025T15:13:22 - [MESSAGE][PASSED] - Text 'Jl. Mangga murah nomor 23 Malang Jawa Timur' is set on object 'Object Repository/Practice Form/textarea - Current address'

15-06-2025T15:13:22 - [TEST_STEP][PASSED] - scrollToElement(findTestObject("Object Repository/Practice Form/txtfield - State"), 0): Scroll to object 'Object Repository/Practice Form/txtfield - State' successfully

15-06-2025T15:13:22 - [MESSAGE][WARNING] - Timeout '0' is invalid. Using default page load timeout: '30'

15-06-2025T15:13:22 - [MESSAGE][PASSED] - Scroll to object 'Object Repository/Practice Form/txtfield - State' successfully

15-06-2025T15:13:22 - [TEST_STEP][PASSED] - if (state != null && state != ""): Keys 'TAB + ' sent to object: 'Object Repository/Practice Form/txtfield - State'

15-06-2025T15:13:22 - [TEST_STEP][PASSED] - setText(findTestObject("Object Repository/Practice Form/txtfield - State"), state): Text 'Haryana' is set on object 'Object Repository/Practice Form/txtfield - State'

15-06-2025T15:13:22 - [MESSAGE][PASSED] - Text 'Haryana' is set on object 'Object Repository/Practice Form/txtfield - State'

15-06-2025T15:13:22 - [TEST_STEP][PASSED] - delay(1): Delayed 1 second(s)

15-06-2025T15:13:23 - [MESSAGE][PASSED] - Delayed 1 second(s)

15-06-2025T15:13:23 - [TEST_STEP][PASSED] - sendKeys(findTestObject("Object Repository/Practice Form/txtfield - State"), TAB.toString()): Keys 'TAB + ' sent to object: 'Object Repository/Practice Form/txtfield - State'

15-06-2025T15:13:23 - [MESSAGE][PASSED] - Keys 'TAB + ' sent to object: 'Object Repository/Practice Form/txtfield - State'

15-06-2025T15:13:23 - [TEST_STEP][PASSED] - if (city != null && city != ""): Keys 'DOWN + ENTER + ' sent to object: 'Object Repository/Practice Form/txtfield - City'

15-06-2025T15:13:23 - [TEST_STEP][PASSED] - setText(findTestObject("Object Repository/Practice Form/txtfield - City"), city): Text 'Karnal' is set on object 'Object Repository/Practice Form/txtfield - City'

15-06-2025T15:13:24 - [MESSAGE][PASSED] - Text 'Karnal' is set on object 'Object Repository/Practice Form/txtfield - City'

15-06-2025T15:13:24 - [TEST_STEP][PASSED] - delay(1): Delayed 1 second(s)

15-06-2025T15:13:25 - [MESSAGE][PASSED] - Delayed 1 second(s)

15-06-2025T15:13:25 - [TEST_STEP][PASSED] - sendKeys(findTestObject("Object Repository/Practice Form/txtfield - City"), Keys.chord(ARROW_DOWN, ENTER)): Keys 'DOWN + ENTER + ' sent to object: 'Object Repository/Practice Form/txtfield - City'

15-06-2025T15:13:25 - [MESSAGE][PASSED] - Keys 'DOWN + ENTER + ' sent to object: 'Object Repository/Practice Form/txtfield - City'

15-06-2025T15:13:25 - [TEST_STEP][PASSED] - scrollToElement(findTestObject("Object Repository/Practice Form/button - Submit"), 0): Scroll to object 'Object Repository/Practice Form/button - Submit' successfully

15-06-2025T15:13:25 - [MESSAGE][WARNING] - Timeout '0' is invalid. Using default page load timeout: '30'

15-06-2025T15:13:25 - [MESSAGE][PASSED] - Scroll to object 'Object Repository/Practice Form/button - Submit' successfully

15-06-2025T15:13:25 - [TEST_STEP][PASSED] - click(findTestObject("Object Repository/Practice Form/button - Submit")): Object: 'Object Repository/Practice Form/button - Submit' is clicked on

15-06-2025T15:13:25 - [MESSAGE][PASSED] - Object: 'Object Repository/Practice Form/button - Submit' is clicked on

15-06-2025T15:13:25 - [TEST_STEP][PASSED] - verifyElementPresent(findTestObject("Object Repository/Modal/txt - Modal title"), 2, CONTINUE_ON_FAILURE): Object 'Object Repository/Modal/txt - Modal title' is present

15-06-2025T15:13:25 - [MESSAGE][PASSED] - Object 'Object Repository/Modal/txt - Modal title' is present

15-06-2025T15:13:25 - [TEST_STEP][PASSED] - markPassed("Validation case : " + testNote): Validation case : input complete data

15-06-2025T15:13:25 - [MESSAGE][PASSED] - Validation case : input complete data

15-06-2025T15:13:25 - [TEST_STEP][PASSED] - closeBrowser(): Browser is closed

15-06-2025T15:13:25 - [MESSAGE][PASSED] - Browser is closed]]></system-out>
         <system-err><![CDATA[]]></system-err>
      </testcase>
      <testcase name="Test Cases/2. Normal Input/INP 1 - Valid data input to form" time="21.99" classname="Test Cases/2. Normal Input/INP 1 - Valid data input to form" status="PASSED">
         <system-out><![CDATA[15-06-2025T15:13:26 - [TEST_CASE][PASSED] - Test Cases/2. Normal Input/INP 1 - Valid data input to form: Test Cases/2. Normal Input/INP 1 - Valid data input to form

15-06-2025T15:13:26 - [TEST_STEP][PASSED] - openBrowser(""): Browser is opened with url: ''

15-06-2025T15:13:26 - [MESSAGE][INFO] - Starting 'Chrome' driver

15-06-2025T15:13:26 - [MESSAGE][INFO] - Action delay is set to 0 milliseconds

15-06-2025T15:13:27 - [MESSAGE][WARNING] - FFmpeg was not installed! Browser Recording will be disabled. Please follow this document to install FFmpeg first: https://docs.katalon.com/katalon-studio/docs/screenshots-videos.html#browser-based-recorder

15-06-2025T15:13:27 - [MESSAGE][PASSED] - Browser is opened with url: ''

15-06-2025T15:13:27 - [TEST_STEP][PASSED] - navigateToUrl(baseUrl): Navigate to 'https://demoqa.com/automation-practice-form' successfully

15-06-2025T15:13:41 - [MESSAGE][PASSED] - Navigate to 'https://demoqa.com/automation-practice-form' successfully

15-06-2025T15:13:41 - [TEST_STEP][PASSED] - verifyElementPresent(findTestObject("Object Repository/Practice Form/Title Name - Practice Form"), 0): Object 'Object Repository/Practice Form/Title Name - Practice Form' is present

15-06-2025T15:13:41 - [MESSAGE][WARNING] - Timeout '0' is invalid. Using default page load timeout: '30'

15-06-2025T15:13:41 - [MESSAGE][PASSED] - Object 'Object Repository/Practice Form/Title Name - Practice Form' is present

15-06-2025T15:13:41 - [TEST_STEP][PASSED] - setText(findTestObject("Object Repository/Practice Form/txtfield - First name"), firstName): Text 'Don' is set on object 'Object Repository/Practice Form/txtfield - First name'

15-06-2025T15:13:42 - [MESSAGE][PASSED] - Text 'Don' is set on object 'Object Repository/Practice Form/txtfield - First name'

15-06-2025T15:13:42 - [TEST_STEP][PASSED] - setText(findTestObject("Object Repository/Practice Form/txtfield - Last name"), lastName): Text 'Andres' is set on object 'Object Repository/Practice Form/txtfield - Last name'

15-06-2025T15:13:42 - [MESSAGE][PASSED] - Text 'Andres' is set on object 'Object Repository/Practice Form/txtfield - Last name'

15-06-2025T15:13:42 - [TEST_STEP][PASSED] - setText(findTestObject("Object Repository/Practice Form/txtfield - User Email"), email): Text '' is set on object 'Object Repository/Practice Form/txtfield - User Email'

15-06-2025T15:13:42 - [MESSAGE][PASSED] - Text '' is set on object 'Object Repository/Practice Form/txtfield - User Email'

15-06-2025T15:13:42 - [TEST_STEP][PASSED] - scrollToElement(findTestObject("Object Repository/Practice Form/radiobox - Male"), 0): Scroll to object 'Object Repository/Practice Form/radiobox - Male' successfully

15-06-2025T15:13:42 - [MESSAGE][WARNING] - Timeout '0' is invalid. Using default page load timeout: '30'

15-06-2025T15:13:42 - [MESSAGE][PASSED] - Scroll to object 'Object Repository/Practice Form/radiobox - Male' successfully

15-06-2025T15:13:42 - [TEST_STEP][PASSED] - if (gender == "Male"): null

15-06-2025T15:13:42 - [TEST_STEP][PASSED] - else if (gender == "Female"): Object: 'Object Repository/Practice Form/radiobox - Female' is clicked on

15-06-2025T15:13:42 - [TEST_STEP][PASSED] - click(findTestObject("Object Repository/Practice Form/radiobox - Female")): Object: 'Object Repository/Practice Form/radiobox - Female' is clicked on

15-06-2025T15:13:43 - [MESSAGE][PASSED] - Object: 'Object Repository/Practice Form/radiobox - Female' is clicked on

15-06-2025T15:13:43 - [TEST_STEP][PASSED] - scrollToElement(findTestObject("Object Repository/Practice Form/txtfield - Mobile number"), 0): Scroll to object 'Object Repository/Practice Form/txtfield - Mobile number' successfully

15-06-2025T15:13:43 - [MESSAGE][WARNING] - Timeout '0' is invalid. Using default page load timeout: '30'

15-06-2025T15:13:43 - [MESSAGE][PASSED] - Scroll to object 'Object Repository/Practice Form/txtfield - Mobile number' successfully

15-06-2025T15:13:43 - [TEST_STEP][PASSED] - setText(findTestObject("Object Repository/Practice Form/txtfield - Mobile number"), mobile): Text '0839402981' is set on object 'Object Repository/Practice Form/txtfield - Mobile number'

15-06-2025T15:13:43 - [MESSAGE][PASSED] - Text '0839402981' is set on object 'Object Repository/Practice Form/txtfield - Mobile number'

15-06-2025T15:13:43 - [TEST_STEP][PASSED] - scrollToElement(findTestObject("Object Repository/Practice Form/txtfield - Birth date"), 0): Scroll to object 'Object Repository/Practice Form/txtfield - Birth date' successfully

15-06-2025T15:13:43 - [MESSAGE][WARNING] - Timeout '0' is invalid. Using default page load timeout: '30'

15-06-2025T15:13:43 - [MESSAGE][PASSED] - Scroll to object 'Object Repository/Practice Form/txtfield - Birth date' successfully

15-06-2025T15:13:43 - [TEST_STEP][PASSED] - click(findTestObject("Object Repository/Practice Form/txtfield - Birth date")): Object: 'Object Repository/Practice Form/txtfield - Birth date' is clicked on

15-06-2025T15:13:43 - [MESSAGE][PASSED] - Object: 'Object Repository/Practice Form/txtfield - Birth date' is clicked on

15-06-2025T15:13:43 - [TEST_STEP][PASSED] - click(findTestObject("Object Repository/Practice Form/specific date picker")): Object: 'Object Repository/Practice Form/specific date picker' is clicked on

15-06-2025T15:13:43 - [MESSAGE][PASSED] - Object: 'Object Repository/Practice Form/specific date picker' is clicked on

15-06-2025T15:13:43 - [TEST_STEP][PASSED] - scrollToElement(findTestObject("Object Repository/Practice Form/txtfield - Subjects"), 0): Scroll to object 'Object Repository/Practice Form/txtfield - Subjects' successfully

15-06-2025T15:13:43 - [MESSAGE][WARNING] - Timeout '0' is invalid. Using default page load timeout: '30'

15-06-2025T15:13:44 - [MESSAGE][PASSED] - Scroll to object 'Object Repository/Practice Form/txtfield - Subjects' successfully

15-06-2025T15:13:44 - [TEST_STEP][PASSED] - if (subjects != null): Text 'English' is set on object 'Object Repository/Practice Form/txtfield - Subjects'

15-06-2025T15:13:44 - [TEST_STEP][PASSED] - setText(findTestObject("Object Repository/Practice Form/txtfield - Subjects"), subjects): Text 'English' is set on object 'Object Repository/Practice Form/txtfield - Subjects'

15-06-2025T15:13:44 - [MESSAGE][PASSED] - Text 'English' is set on object 'Object Repository/Practice Form/txtfield - Subjects'

15-06-2025T15:13:44 - [TEST_STEP][PASSED] - sendKeys(findTestObject("Object Repository/Practice Form/txtfield - Subjects"), TAB.toString()): Keys 'TAB + ' sent to object: 'Object Repository/Practice Form/txtfield - Subjects'

15-06-2025T15:13:44 - [MESSAGE][PASSED] - Keys 'TAB + ' sent to object: 'Object Repository/Practice Form/txtfield - Subjects'

15-06-2025T15:13:44 - [TEST_STEP][PASSED] - scrollToElement(findTestObject("Object Repository/Practice Form/checkbox - Sports"), 0): Scroll to object 'Object Repository/Practice Form/checkbox - Sports' successfully

15-06-2025T15:13:44 - [MESSAGE][WARNING] - Timeout '0' is invalid. Using default page load timeout: '30'

15-06-2025T15:13:44 - [MESSAGE][PASSED] - Scroll to object 'Object Repository/Practice Form/checkbox - Sports' successfully

15-06-2025T15:13:44 - [TEST_STEP][PASSED] - if (hobbies == "Sports"): Object: 'Object Repository/Practice Form/checkbox - Sports' is clicked on

15-06-2025T15:13:44 - [TEST_STEP][PASSED] - click(findTestObject("Object Repository/Practice Form/checkbox - Sports")): Object: 'Object Repository/Practice Form/checkbox - Sports' is clicked on

15-06-2025T15:13:44 - [MESSAGE][PASSED] - Object: 'Object Repository/Practice Form/checkbox - Sports' is clicked on

15-06-2025T15:13:44 - [TEST_STEP][PASSED] - imagePath = getProjectDir() + "/Include/image/gambarDummy.jpeg": null

15-06-2025T15:13:44 - [TEST_STEP][PASSED] - uploadFile(findTestObject("Object Repository/Practice Form/file - Picture"), imagePath): File 'C:/Users/M S I/Katalon Studio/web-maulana-afteroffice-katalon/Include/image/gambarDummy.jpeg' sent to object: 'Object Repository/Practice Form/file - Picture'

15-06-2025T15:13:44 - [MESSAGE][PASSED] - File 'C:/Users/M S I/Katalon Studio/web-maulana-afteroffice-katalon/Include/image/gambarDummy.jpeg' sent to object: 'Object Repository/Practice Form/file - Picture'

15-06-2025T15:13:44 - [TEST_STEP][PASSED] - scrollToElement(findTestObject("Object Repository/Practice Form/textarea - Current address"), 0): Scroll to object 'Object Repository/Practice Form/textarea - Current address' successfully

15-06-2025T15:13:44 - [MESSAGE][WARNING] - Timeout '0' is invalid. Using default page load timeout: '30'

15-06-2025T15:13:44 - [MESSAGE][PASSED] - Scroll to object 'Object Repository/Practice Form/textarea - Current address' successfully

15-06-2025T15:13:44 - [TEST_STEP][PASSED] - setText(findTestObject("Object Repository/Practice Form/textarea - Current address"), currentAddress): Text 'Jl. Bernabeu utara 56 Madrid' is set on object 'Object Repository/Practice Form/textarea - Current address'

15-06-2025T15:13:44 - [MESSAGE][PASSED] - Text 'Jl. Bernabeu utara 56 Madrid' is set on object 'Object Repository/Practice Form/textarea - Current address'

15-06-2025T15:13:44 - [TEST_STEP][PASSED] - scrollToElement(findTestObject("Object Repository/Practice Form/txtfield - State"), 0): Scroll to object 'Object Repository/Practice Form/txtfield - State' successfully

15-06-2025T15:13:44 - [MESSAGE][WARNING] - Timeout '0' is invalid. Using default page load timeout: '30'

15-06-2025T15:13:44 - [MESSAGE][PASSED] - Scroll to object 'Object Repository/Practice Form/txtfield - State' successfully

15-06-2025T15:13:44 - [TEST_STEP][PASSED] - if (state != null && state != ""): Keys 'TAB + ' sent to object: 'Object Repository/Practice Form/txtfield - State'

15-06-2025T15:13:44 - [TEST_STEP][PASSED] - setText(findTestObject("Object Repository/Practice Form/txtfield - State"), state): Text 'NCR' is set on object 'Object Repository/Practice Form/txtfield - State'

15-06-2025T15:13:44 - [MESSAGE][PASSED] - Text 'NCR' is set on object 'Object Repository/Practice Form/txtfield - State'

15-06-2025T15:13:44 - [TEST_STEP][PASSED] - delay(1): Delayed 1 second(s)

15-06-2025T15:13:45 - [MESSAGE][PASSED] - Delayed 1 second(s)

15-06-2025T15:13:45 - [TEST_STEP][PASSED] - sendKeys(findTestObject("Object Repository/Practice Form/txtfield - State"), TAB.toString()): Keys 'TAB + ' sent to object: 'Object Repository/Practice Form/txtfield - State'

15-06-2025T15:13:46 - [MESSAGE][PASSED] - Keys 'TAB + ' sent to object: 'Object Repository/Practice Form/txtfield - State'

15-06-2025T15:13:46 - [TEST_STEP][PASSED] - if (city != null && city != ""): Keys 'DOWN + ENTER + ' sent to object: 'Object Repository/Practice Form/txtfield - City'

15-06-2025T15:13:46 - [TEST_STEP][PASSED] - setText(findTestObject("Object Repository/Practice Form/txtfield - City"), city): Text 'Delhi' is set on object 'Object Repository/Practice Form/txtfield - City'

15-06-2025T15:13:46 - [MESSAGE][PASSED] - Text 'Delhi' is set on object 'Object Repository/Practice Form/txtfield - City'

15-06-2025T15:13:46 - [TEST_STEP][PASSED] - delay(1): Delayed 1 second(s)

15-06-2025T15:13:47 - [MESSAGE][PASSED] - Delayed 1 second(s)

15-06-2025T15:13:47 - [TEST_STEP][PASSED] - sendKeys(findTestObject("Object Repository/Practice Form/txtfield - City"), Keys.chord(ARROW_DOWN, ENTER)): Keys 'DOWN + ENTER + ' sent to object: 'Object Repository/Practice Form/txtfield - City'

15-06-2025T15:13:47 - [MESSAGE][PASSED] - Keys 'DOWN + ENTER + ' sent to object: 'Object Repository/Practice Form/txtfield - City'

15-06-2025T15:13:47 - [TEST_STEP][PASSED] - scrollToElement(findTestObject("Object Repository/Practice Form/button - Submit"), 0): Scroll to object 'Object Repository/Practice Form/button - Submit' successfully

15-06-2025T15:13:47 - [MESSAGE][WARNING] - Timeout '0' is invalid. Using default page load timeout: '30'

15-06-2025T15:13:47 - [MESSAGE][PASSED] - Scroll to object 'Object Repository/Practice Form/button - Submit' successfully

15-06-2025T15:13:47 - [TEST_STEP][PASSED] - click(findTestObject("Object Repository/Practice Form/button - Submit")): Object: 'Object Repository/Practice Form/button - Submit' is clicked on

15-06-2025T15:13:47 - [MESSAGE][PASSED] - Object: 'Object Repository/Practice Form/button - Submit' is clicked on

15-06-2025T15:13:47 - [TEST_STEP][PASSED] - verifyElementPresent(findTestObject("Object Repository/Modal/txt - Modal title"), 2, CONTINUE_ON_FAILURE): Object 'Object Repository/Modal/txt - Modal title' is present

15-06-2025T15:13:47 - [MESSAGE][PASSED] - Object 'Object Repository/Modal/txt - Modal title' is present

15-06-2025T15:13:47 - [TEST_STEP][PASSED] - markPassed("Validation case : " + testNote): Validation case : input without email (optional)

15-06-2025T15:13:47 - [MESSAGE][PASSED] - Validation case : input without email (optional)

15-06-2025T15:13:47 - [TEST_STEP][PASSED] - closeBrowser(): Browser is closed

15-06-2025T15:13:48 - [MESSAGE][PASSED] - Browser is closed]]></system-out>
         <system-err><![CDATA[]]></system-err>
      </testcase>
      <testcase name="Test Cases/2. Normal Input/INP 1 - Valid data input to form" time="20.171" classname="Test Cases/2. Normal Input/INP 1 - Valid data input to form" status="PASSED">
         <system-out><![CDATA[15-06-2025T15:13:48 - [TEST_CASE][PASSED] - Test Cases/2. Normal Input/INP 1 - Valid data input to form: Test Cases/2. Normal Input/INP 1 - Valid data input to form

15-06-2025T15:13:48 - [TEST_STEP][PASSED] - openBrowser(""): Browser is opened with url: ''

15-06-2025T15:13:48 - [MESSAGE][INFO] - Starting 'Chrome' driver

15-06-2025T15:13:48 - [MESSAGE][INFO] - Action delay is set to 0 milliseconds

15-06-2025T15:13:48 - [MESSAGE][WARNING] - FFmpeg was not installed! Browser Recording will be disabled. Please follow this document to install FFmpeg first: https://docs.katalon.com/katalon-studio/docs/screenshots-videos.html#browser-based-recorder

15-06-2025T15:13:48 - [MESSAGE][PASSED] - Browser is opened with url: ''

15-06-2025T15:13:48 - [TEST_STEP][PASSED] - navigateToUrl(baseUrl): Navigate to 'https://demoqa.com/automation-practice-form' successfully

15-06-2025T15:14:02 - [MESSAGE][PASSED] - Navigate to 'https://demoqa.com/automation-practice-form' successfully

15-06-2025T15:14:02 - [TEST_STEP][PASSED] - verifyElementPresent(findTestObject("Object Repository/Practice Form/Title Name - Practice Form"), 0): Object 'Object Repository/Practice Form/Title Name - Practice Form' is present

15-06-2025T15:14:02 - [MESSAGE][WARNING] - Timeout '0' is invalid. Using default page load timeout: '30'

15-06-2025T15:14:02 - [MESSAGE][PASSED] - Object 'Object Repository/Practice Form/Title Name - Practice Form' is present

15-06-2025T15:14:02 - [TEST_STEP][PASSED] - setText(findTestObject("Object Repository/Practice Form/txtfield - First name"), firstName): Text 'Daje' is set on object 'Object Repository/Practice Form/txtfield - First name'

15-06-2025T15:14:03 - [MESSAGE][PASSED] - Text 'Daje' is set on object 'Object Repository/Practice Form/txtfield - First name'

15-06-2025T15:14:03 - [TEST_STEP][PASSED] - setText(findTestObject("Object Repository/Practice Form/txtfield - Last name"), lastName): Text 'Roma' is set on object 'Object Repository/Practice Form/txtfield - Last name'

15-06-2025T15:14:03 - [MESSAGE][PASSED] - Text 'Roma' is set on object 'Object Repository/Practice Form/txtfield - Last name'

15-06-2025T15:14:03 - [TEST_STEP][PASSED] - setText(findTestObject("Object Repository/Practice Form/txtfield - User Email"), email): Text 'romadaje@mail.com' is set on object 'Object Repository/Practice Form/txtfield - User Email'

15-06-2025T15:14:03 - [MESSAGE][PASSED] - Text 'romadaje@mail.com' is set on object 'Object Repository/Practice Form/txtfield - User Email'

15-06-2025T15:14:03 - [TEST_STEP][PASSED] - scrollToElement(findTestObject("Object Repository/Practice Form/radiobox - Male"), 0): Scroll to object 'Object Repository/Practice Form/radiobox - Male' successfully

15-06-2025T15:14:03 - [MESSAGE][WARNING] - Timeout '0' is invalid. Using default page load timeout: '30'

15-06-2025T15:14:03 - [MESSAGE][PASSED] - Scroll to object 'Object Repository/Practice Form/radiobox - Male' successfully

15-06-2025T15:14:03 - [TEST_STEP][PASSED] - if (gender == "Male"): Object: 'Object Repository/Practice Form/radiobox - Male' is clicked on

15-06-2025T15:14:03 - [TEST_STEP][PASSED] - click(findTestObject("Object Repository/Practice Form/radiobox - Male")): Object: 'Object Repository/Practice Form/radiobox - Male' is clicked on

15-06-2025T15:14:03 - [MESSAGE][PASSED] - Object: 'Object Repository/Practice Form/radiobox - Male' is clicked on

15-06-2025T15:14:03 - [TEST_STEP][PASSED] - scrollToElement(findTestObject("Object Repository/Practice Form/txtfield - Mobile number"), 0): Scroll to object 'Object Repository/Practice Form/txtfield - Mobile number' successfully

15-06-2025T15:14:03 - [MESSAGE][WARNING] - Timeout '0' is invalid. Using default page load timeout: '30'

15-06-2025T15:14:03 - [MESSAGE][PASSED] - Scroll to object 'Object Repository/Practice Form/txtfield - Mobile number' successfully

15-06-2025T15:14:03 - [TEST_STEP][PASSED] - setText(findTestObject("Object Repository/Practice Form/txtfield - Mobile number"), mobile): Text '0839273645' is set on object 'Object Repository/Practice Form/txtfield - Mobile number'

15-06-2025T15:14:04 - [MESSAGE][PASSED] - Text '0839273645' is set on object 'Object Repository/Practice Form/txtfield - Mobile number'

15-06-2025T15:14:04 - [TEST_STEP][PASSED] - scrollToElement(findTestObject("Object Repository/Practice Form/txtfield - Birth date"), 0): Scroll to object 'Object Repository/Practice Form/txtfield - Birth date' successfully

15-06-2025T15:14:04 - [MESSAGE][WARNING] - Timeout '0' is invalid. Using default page load timeout: '30'

15-06-2025T15:14:04 - [MESSAGE][PASSED] - Scroll to object 'Object Repository/Practice Form/txtfield - Birth date' successfully

15-06-2025T15:14:04 - [TEST_STEP][PASSED] - click(findTestObject("Object Repository/Practice Form/txtfield - Birth date")): Object: 'Object Repository/Practice Form/txtfield - Birth date' is clicked on

15-06-2025T15:14:04 - [MESSAGE][PASSED] - Object: 'Object Repository/Practice Form/txtfield - Birth date' is clicked on

15-06-2025T15:14:04 - [TEST_STEP][PASSED] - click(findTestObject("Object Repository/Practice Form/specific date picker")): Object: 'Object Repository/Practice Form/specific date picker' is clicked on

15-06-2025T15:14:04 - [MESSAGE][PASSED] - Object: 'Object Repository/Practice Form/specific date picker' is clicked on

15-06-2025T15:14:04 - [TEST_STEP][PASSED] - scrollToElement(findTestObject("Object Repository/Practice Form/txtfield - Subjects"), 0): Scroll to object 'Object Repository/Practice Form/txtfield - Subjects' successfully

15-06-2025T15:14:04 - [MESSAGE][WARNING] - Timeout '0' is invalid. Using default page load timeout: '30'

15-06-2025T15:14:04 - [MESSAGE][PASSED] - Scroll to object 'Object Repository/Practice Form/txtfield - Subjects' successfully

15-06-2025T15:14:04 - [TEST_STEP][PASSED] - if (subjects != null): Text '' is set on object 'Object Repository/Practice Form/txtfield - Subjects'

15-06-2025T15:14:04 - [TEST_STEP][PASSED] - setText(findTestObject("Object Repository/Practice Form/txtfield - Subjects"), subjects): Text '' is set on object 'Object Repository/Practice Form/txtfield - Subjects'

15-06-2025T15:14:04 - [MESSAGE][PASSED] - Text '' is set on object 'Object Repository/Practice Form/txtfield - Subjects'

15-06-2025T15:14:04 - [TEST_STEP][PASSED] - sendKeys(findTestObject("Object Repository/Practice Form/txtfield - Subjects"), TAB.toString()): Keys 'TAB + ' sent to object: 'Object Repository/Practice Form/txtfield - Subjects'

15-06-2025T15:14:04 - [MESSAGE][PASSED] - Keys 'TAB + ' sent to object: 'Object Repository/Practice Form/txtfield - Subjects'

15-06-2025T15:14:04 - [TEST_STEP][PASSED] - scrollToElement(findTestObject("Object Repository/Practice Form/checkbox - Sports"), 0): Scroll to object 'Object Repository/Practice Form/checkbox - Sports' successfully

15-06-2025T15:14:04 - [MESSAGE][WARNING] - Timeout '0' is invalid. Using default page load timeout: '30'

15-06-2025T15:14:04 - [MESSAGE][PASSED] - Scroll to object 'Object Repository/Practice Form/checkbox - Sports' successfully

15-06-2025T15:14:04 - [TEST_STEP][PASSED] - if (hobbies == "Sports"): null

15-06-2025T15:14:04 - [TEST_STEP][PASSED] - else if (hobbies == "Reading"): null

15-06-2025T15:14:04 - [TEST_STEP][PASSED] - else if (hobbies == "Music"): Object: 'Object Repository/Practice Form/checkbox - Music' is clicked on

15-06-2025T15:14:04 - [TEST_STEP][PASSED] - click(findTestObject("Object Repository/Practice Form/checkbox - Music")): Object: 'Object Repository/Practice Form/checkbox - Music' is clicked on

15-06-2025T15:14:05 - [MESSAGE][PASSED] - Object: 'Object Repository/Practice Form/checkbox - Music' is clicked on

15-06-2025T15:14:05 - [TEST_STEP][PASSED] - imagePath = getProjectDir() + "/Include/image/gambarDummy.jpeg": null

15-06-2025T15:14:05 - [TEST_STEP][PASSED] - uploadFile(findTestObject("Object Repository/Practice Form/file - Picture"), imagePath): File 'C:/Users/M S I/Katalon Studio/web-maulana-afteroffice-katalon/Include/image/gambarDummy.jpeg' sent to object: 'Object Repository/Practice Form/file - Picture'

15-06-2025T15:14:05 - [MESSAGE][PASSED] - File 'C:/Users/M S I/Katalon Studio/web-maulana-afteroffice-katalon/Include/image/gambarDummy.jpeg' sent to object: 'Object Repository/Practice Form/file - Picture'

15-06-2025T15:14:05 - [TEST_STEP][PASSED] - scrollToElement(findTestObject("Object Repository/Practice Form/textarea - Current address"), 0): Scroll to object 'Object Repository/Practice Form/textarea - Current address' successfully

15-06-2025T15:14:05 - [MESSAGE][WARNING] - Timeout '0' is invalid. Using default page load timeout: '30'

15-06-2025T15:14:05 - [MESSAGE][PASSED] - Scroll to object 'Object Repository/Practice Form/textarea - Current address' successfully

15-06-2025T15:14:05 - [TEST_STEP][PASSED] - setText(findTestObject("Object Repository/Practice Form/textarea - Current address"), currentAddress): Text 'Jl. Bernabeu utara 56 Madrid' is set on object 'Object Repository/Practice Form/textarea - Current address'

15-06-2025T15:14:05 - [MESSAGE][PASSED] - Text 'Jl. Bernabeu utara 56 Madrid' is set on object 'Object Repository/Practice Form/textarea - Current address'

15-06-2025T15:14:05 - [TEST_STEP][PASSED] - scrollToElement(findTestObject("Object Repository/Practice Form/txtfield - State"), 0): Scroll to object 'Object Repository/Practice Form/txtfield - State' successfully

15-06-2025T15:14:05 - [MESSAGE][WARNING] - Timeout '0' is invalid. Using default page load timeout: '30'

15-06-2025T15:14:05 - [MESSAGE][PASSED] - Scroll to object 'Object Repository/Practice Form/txtfield - State' successfully

15-06-2025T15:14:05 - [TEST_STEP][PASSED] - if (state != null && state != ""): Keys 'TAB + ' sent to object: 'Object Repository/Practice Form/txtfield - State'

15-06-2025T15:14:05 - [TEST_STEP][PASSED] - setText(findTestObject("Object Repository/Practice Form/txtfield - State"), state): Text 'Haryana' is set on object 'Object Repository/Practice Form/txtfield - State'

15-06-2025T15:14:05 - [MESSAGE][PASSED] - Text 'Haryana' is set on object 'Object Repository/Practice Form/txtfield - State'

15-06-2025T15:14:05 - [TEST_STEP][PASSED] - delay(1): Delayed 1 second(s)

15-06-2025T15:14:06 - [MESSAGE][PASSED] - Delayed 1 second(s)

15-06-2025T15:14:06 - [TEST_STEP][PASSED] - sendKeys(findTestObject("Object Repository/Practice Form/txtfield - State"), TAB.toString()): Keys 'TAB + ' sent to object: 'Object Repository/Practice Form/txtfield - State'

15-06-2025T15:14:06 - [MESSAGE][PASSED] - Keys 'TAB + ' sent to object: 'Object Repository/Practice Form/txtfield - State'

15-06-2025T15:14:06 - [TEST_STEP][PASSED] - if (city != null && city != ""): Keys 'DOWN + ENTER + ' sent to object: 'Object Repository/Practice Form/txtfield - City'

15-06-2025T15:14:06 - [TEST_STEP][PASSED] - setText(findTestObject("Object Repository/Practice Form/txtfield - City"), city): Text 'Karnal' is set on object 'Object Repository/Practice Form/txtfield - City'

15-06-2025T15:14:06 - [MESSAGE][PASSED] - Text 'Karnal' is set on object 'Object Repository/Practice Form/txtfield - City'

15-06-2025T15:14:06 - [TEST_STEP][PASSED] - delay(1): Delayed 1 second(s)

15-06-2025T15:14:07 - [MESSAGE][PASSED] - Delayed 1 second(s)

15-06-2025T15:14:07 - [TEST_STEP][PASSED] - sendKeys(findTestObject("Object Repository/Practice Form/txtfield - City"), Keys.chord(ARROW_DOWN, ENTER)): Keys 'DOWN + ENTER + ' sent to object: 'Object Repository/Practice Form/txtfield - City'

15-06-2025T15:14:07 - [MESSAGE][PASSED] - Keys 'DOWN + ENTER + ' sent to object: 'Object Repository/Practice Form/txtfield - City'

15-06-2025T15:14:07 - [TEST_STEP][PASSED] - scrollToElement(findTestObject("Object Repository/Practice Form/button - Submit"), 0): Scroll to object 'Object Repository/Practice Form/button - Submit' successfully

15-06-2025T15:14:07 - [MESSAGE][WARNING] - Timeout '0' is invalid. Using default page load timeout: '30'

15-06-2025T15:14:07 - [MESSAGE][PASSED] - Scroll to object 'Object Repository/Practice Form/button - Submit' successfully

15-06-2025T15:14:07 - [TEST_STEP][PASSED] - click(findTestObject("Object Repository/Practice Form/button - Submit")): Object: 'Object Repository/Practice Form/button - Submit' is clicked on

15-06-2025T15:14:07 - [MESSAGE][PASSED] - Object: 'Object Repository/Practice Form/button - Submit' is clicked on

15-06-2025T15:14:07 - [TEST_STEP][PASSED] - verifyElementPresent(findTestObject("Object Repository/Modal/txt - Modal title"), 2, CONTINUE_ON_FAILURE): Object 'Object Repository/Modal/txt - Modal title' is present

15-06-2025T15:14:07 - [MESSAGE][PASSED] - Object 'Object Repository/Modal/txt - Modal title' is present

15-06-2025T15:14:07 - [TEST_STEP][PASSED] - markPassed("Validation case : " + testNote): Validation case : input without subjects (optional)

15-06-2025T15:14:07 - [MESSAGE][PASSED] - Validation case : input without subjects (optional)

15-06-2025T15:14:07 - [TEST_STEP][PASSED] - closeBrowser(): Browser is closed

15-06-2025T15:14:08 - [MESSAGE][PASSED] - Browser is closed]]></system-out>
         <system-err><![CDATA[]]></system-err>
      </testcase>
      <testcase name="Test Cases/2. Normal Input/INP 1 - Valid data input to form" time="20.337" classname="Test Cases/2. Normal Input/INP 1 - Valid data input to form" status="PASSED">
         <system-out><![CDATA[15-06-2025T15:14:08 - [TEST_CASE][PASSED] - Test Cases/2. Normal Input/INP 1 - Valid data input to form: Test Cases/2. Normal Input/INP 1 - Valid data input to form

15-06-2025T15:14:08 - [TEST_STEP][PASSED] - openBrowser(""): Browser is opened with url: ''

15-06-2025T15:14:08 - [MESSAGE][INFO] - Starting 'Chrome' driver

15-06-2025T15:14:08 - [MESSAGE][INFO] - Action delay is set to 0 milliseconds

15-06-2025T15:14:09 - [MESSAGE][WARNING] - FFmpeg was not installed! Browser Recording will be disabled. Please follow this document to install FFmpeg first: https://docs.katalon.com/katalon-studio/docs/screenshots-videos.html#browser-based-recorder

15-06-2025T15:14:09 - [MESSAGE][PASSED] - Browser is opened with url: ''

15-06-2025T15:14:09 - [TEST_STEP][PASSED] - navigateToUrl(baseUrl): Navigate to 'https://demoqa.com/automation-practice-form' successfully

15-06-2025T15:14:10 - [MESSAGE][PASSED] - Navigate to 'https://demoqa.com/automation-practice-form' successfully

15-06-2025T15:14:10 - [TEST_STEP][PASSED] - verifyElementPresent(findTestObject("Object Repository/Practice Form/Title Name - Practice Form"), 0): Object 'Object Repository/Practice Form/Title Name - Practice Form' is present

15-06-2025T15:14:10 - [MESSAGE][WARNING] - Timeout '0' is invalid. Using default page load timeout: '30'

15-06-2025T15:14:24 - [MESSAGE][PASSED] - Object 'Object Repository/Practice Form/Title Name - Practice Form' is present

15-06-2025T15:14:24 - [TEST_STEP][PASSED] - setText(findTestObject("Object Repository/Practice Form/txtfield - First name"), firstName): Text 'Visca' is set on object 'Object Repository/Practice Form/txtfield - First name'

15-06-2025T15:14:24 - [MESSAGE][PASSED] - Text 'Visca' is set on object 'Object Repository/Practice Form/txtfield - First name'

15-06-2025T15:14:24 - [TEST_STEP][PASSED] - setText(findTestObject("Object Repository/Practice Form/txtfield - Last name"), lastName): Text 'Barca' is set on object 'Object Repository/Practice Form/txtfield - Last name'

15-06-2025T15:14:24 - [MESSAGE][PASSED] - Text 'Barca' is set on object 'Object Repository/Practice Form/txtfield - Last name'

15-06-2025T15:14:24 - [TEST_STEP][PASSED] - setText(findTestObject("Object Repository/Practice Form/txtfield - User Email"), email): Text 'barcavisca@camp.com' is set on object 'Object Repository/Practice Form/txtfield - User Email'

15-06-2025T15:14:24 - [MESSAGE][PASSED] - Text 'barcavisca@camp.com' is set on object 'Object Repository/Practice Form/txtfield - User Email'

15-06-2025T15:14:24 - [TEST_STEP][PASSED] - scrollToElement(findTestObject("Object Repository/Practice Form/radiobox - Male"), 0): Scroll to object 'Object Repository/Practice Form/radiobox - Male' successfully

15-06-2025T15:14:24 - [MESSAGE][WARNING] - Timeout '0' is invalid. Using default page load timeout: '30'

15-06-2025T15:14:24 - [MESSAGE][PASSED] - Scroll to object 'Object Repository/Practice Form/radiobox - Male' successfully

15-06-2025T15:14:24 - [TEST_STEP][PASSED] - if (gender == "Male"): Object: 'Object Repository/Practice Form/radiobox - Male' is clicked on

15-06-2025T15:14:24 - [TEST_STEP][PASSED] - click(findTestObject("Object Repository/Practice Form/radiobox - Male")): Object: 'Object Repository/Practice Form/radiobox - Male' is clicked on

15-06-2025T15:14:24 - [MESSAGE][PASSED] - Object: 'Object Repository/Practice Form/radiobox - Male' is clicked on

15-06-2025T15:14:24 - [TEST_STEP][PASSED] - scrollToElement(findTestObject("Object Repository/Practice Form/txtfield - Mobile number"), 0): Scroll to object 'Object Repository/Practice Form/txtfield - Mobile number' successfully

15-06-2025T15:14:24 - [MESSAGE][WARNING] - Timeout '0' is invalid. Using default page load timeout: '30'

15-06-2025T15:14:24 - [MESSAGE][PASSED] - Scroll to object 'Object Repository/Practice Form/txtfield - Mobile number' successfully

15-06-2025T15:14:24 - [TEST_STEP][PASSED] - setText(findTestObject("Object Repository/Practice Form/txtfield - Mobile number"), mobile): Text '0392812387' is set on object 'Object Repository/Practice Form/txtfield - Mobile number'

15-06-2025T15:14:24 - [MESSAGE][PASSED] - Text '0392812387' is set on object 'Object Repository/Practice Form/txtfield - Mobile number'

15-06-2025T15:14:24 - [TEST_STEP][PASSED] - scrollToElement(findTestObject("Object Repository/Practice Form/txtfield - Birth date"), 0): Scroll to object 'Object Repository/Practice Form/txtfield - Birth date' successfully

15-06-2025T15:14:24 - [MESSAGE][WARNING] - Timeout '0' is invalid. Using default page load timeout: '30'

15-06-2025T15:14:24 - [MESSAGE][PASSED] - Scroll to object 'Object Repository/Practice Form/txtfield - Birth date' successfully

15-06-2025T15:14:24 - [TEST_STEP][PASSED] - click(findTestObject("Object Repository/Practice Form/txtfield - Birth date")): Object: 'Object Repository/Practice Form/txtfield - Birth date' is clicked on

15-06-2025T15:14:25 - [MESSAGE][PASSED] - Object: 'Object Repository/Practice Form/txtfield - Birth date' is clicked on

15-06-2025T15:14:25 - [TEST_STEP][PASSED] - click(findTestObject("Object Repository/Practice Form/specific date picker")): Object: 'Object Repository/Practice Form/specific date picker' is clicked on

15-06-2025T15:14:25 - [MESSAGE][PASSED] - Object: 'Object Repository/Practice Form/specific date picker' is clicked on

15-06-2025T15:14:25 - [TEST_STEP][PASSED] - scrollToElement(findTestObject("Object Repository/Practice Form/txtfield - Subjects"), 0): Scroll to object 'Object Repository/Practice Form/txtfield - Subjects' successfully

15-06-2025T15:14:25 - [MESSAGE][WARNING] - Timeout '0' is invalid. Using default page load timeout: '30'

15-06-2025T15:14:25 - [MESSAGE][PASSED] - Scroll to object 'Object Repository/Practice Form/txtfield - Subjects' successfully

15-06-2025T15:14:25 - [TEST_STEP][PASSED] - if (subjects != null): Text 'Maths' is set on object 'Object Repository/Practice Form/txtfield - Subjects'

15-06-2025T15:14:25 - [TEST_STEP][PASSED] - setText(findTestObject("Object Repository/Practice Form/txtfield - Subjects"), subjects): Text 'Maths' is set on object 'Object Repository/Practice Form/txtfield - Subjects'

15-06-2025T15:14:25 - [MESSAGE][PASSED] - Text 'Maths' is set on object 'Object Repository/Practice Form/txtfield - Subjects'

15-06-2025T15:14:25 - [TEST_STEP][PASSED] - sendKeys(findTestObject("Object Repository/Practice Form/txtfield - Subjects"), TAB.toString()): Keys 'TAB + ' sent to object: 'Object Repository/Practice Form/txtfield - Subjects'

15-06-2025T15:14:25 - [MESSAGE][PASSED] - Keys 'TAB + ' sent to object: 'Object Repository/Practice Form/txtfield - Subjects'

15-06-2025T15:14:25 - [TEST_STEP][PASSED] - scrollToElement(findTestObject("Object Repository/Practice Form/checkbox - Sports"), 0): Scroll to object 'Object Repository/Practice Form/checkbox - Sports' successfully

15-06-2025T15:14:25 - [MESSAGE][WARNING] - Timeout '0' is invalid. Using default page load timeout: '30'

15-06-2025T15:14:25 - [MESSAGE][PASSED] - Scroll to object 'Object Repository/Practice Form/checkbox - Sports' successfully

15-06-2025T15:14:25 - [TEST_STEP][PASSED] - if (hobbies == "Sports"): null

15-06-2025T15:14:25 - [TEST_STEP][PASSED] - else if (hobbies == "Reading"): null

15-06-2025T15:14:25 - [TEST_STEP][PASSED] - else if (hobbies == "Music"): null

15-06-2025T15:14:25 - [TEST_STEP][PASSED] - else if (hobbies == ""): User not choosing hobbies section

15-06-2025T15:14:25 - [TEST_STEP][PASSED] - markPassed("User not choosing hobbies section"): User not choosing hobbies section

15-06-2025T15:14:25 - [MESSAGE][PASSED] - User not choosing hobbies section

15-06-2025T15:14:25 - [TEST_STEP][PASSED] - imagePath = getProjectDir() + "/Include/image/gambarDummy.jpeg": null

15-06-2025T15:14:25 - [TEST_STEP][PASSED] - uploadFile(findTestObject("Object Repository/Practice Form/file - Picture"), imagePath): File 'C:/Users/M S I/Katalon Studio/web-maulana-afteroffice-katalon/Include/image/gambarDummy.jpeg' sent to object: 'Object Repository/Practice Form/file - Picture'

15-06-2025T15:14:25 - [MESSAGE][PASSED] - File 'C:/Users/M S I/Katalon Studio/web-maulana-afteroffice-katalon/Include/image/gambarDummy.jpeg' sent to object: 'Object Repository/Practice Form/file - Picture'

15-06-2025T15:14:25 - [TEST_STEP][PASSED] - scrollToElement(findTestObject("Object Repository/Practice Form/textarea - Current address"), 0): Scroll to object 'Object Repository/Practice Form/textarea - Current address' successfully

15-06-2025T15:14:25 - [MESSAGE][WARNING] - Timeout '0' is invalid. Using default page load timeout: '30'

15-06-2025T15:14:25 - [MESSAGE][PASSED] - Scroll to object 'Object Repository/Practice Form/textarea - Current address' successfully

15-06-2025T15:14:25 - [TEST_STEP][PASSED] - setText(findTestObject("Object Repository/Practice Form/textarea - Current address"), currentAddress): Text 'Jl. Camp Nou 23 Spain' is set on object 'Object Repository/Practice Form/textarea - Current address'

15-06-2025T15:14:25 - [MESSAGE][PASSED] - Text 'Jl. Camp Nou 23 Spain' is set on object 'Object Repository/Practice Form/textarea - Current address'

15-06-2025T15:14:25 - [TEST_STEP][PASSED] - scrollToElement(findTestObject("Object Repository/Practice Form/txtfield - State"), 0): Scroll to object 'Object Repository/Practice Form/txtfield - State' successfully

15-06-2025T15:14:25 - [MESSAGE][WARNING] - Timeout '0' is invalid. Using default page load timeout: '30'

15-06-2025T15:14:25 - [MESSAGE][PASSED] - Scroll to object 'Object Repository/Practice Form/txtfield - State' successfully

15-06-2025T15:14:25 - [TEST_STEP][PASSED] - if (state != null && state != ""): Keys 'TAB + ' sent to object: 'Object Repository/Practice Form/txtfield - State'

15-06-2025T15:14:25 - [TEST_STEP][PASSED] - setText(findTestObject("Object Repository/Practice Form/txtfield - State"), state): Text 'Haryana' is set on object 'Object Repository/Practice Form/txtfield - State'

15-06-2025T15:14:25 - [MESSAGE][PASSED] - Text 'Haryana' is set on object 'Object Repository/Practice Form/txtfield - State'

15-06-2025T15:14:25 - [TEST_STEP][PASSED] - delay(1): Delayed 1 second(s)

15-06-2025T15:14:26 - [MESSAGE][PASSED] - Delayed 1 second(s)

15-06-2025T15:14:26 - [TEST_STEP][PASSED] - sendKeys(findTestObject("Object Repository/Practice Form/txtfield - State"), TAB.toString()): Keys 'TAB + ' sent to object: 'Object Repository/Practice Form/txtfield - State'

15-06-2025T15:14:26 - [MESSAGE][PASSED] - Keys 'TAB + ' sent to object: 'Object Repository/Practice Form/txtfield - State'

15-06-2025T15:14:26 - [TEST_STEP][PASSED] - if (city != null && city != ""): Keys 'DOWN + ENTER + ' sent to object: 'Object Repository/Practice Form/txtfield - City'

15-06-2025T15:14:26 - [TEST_STEP][PASSED] - setText(findTestObject("Object Repository/Practice Form/txtfield - City"), city): Text 'Karnal' is set on object 'Object Repository/Practice Form/txtfield - City'

15-06-2025T15:14:27 - [MESSAGE][PASSED] - Text 'Karnal' is set on object 'Object Repository/Practice Form/txtfield - City'

15-06-2025T15:14:27 - [TEST_STEP][PASSED] - delay(1): Delayed 1 second(s)

15-06-2025T15:14:28 - [MESSAGE][PASSED] - Delayed 1 second(s)

15-06-2025T15:14:28 - [TEST_STEP][PASSED] - sendKeys(findTestObject("Object Repository/Practice Form/txtfield - City"), Keys.chord(ARROW_DOWN, ENTER)): Keys 'DOWN + ENTER + ' sent to object: 'Object Repository/Practice Form/txtfield - City'

15-06-2025T15:14:28 - [MESSAGE][PASSED] - Keys 'DOWN + ENTER + ' sent to object: 'Object Repository/Practice Form/txtfield - City'

15-06-2025T15:14:28 - [TEST_STEP][PASSED] - scrollToElement(findTestObject("Object Repository/Practice Form/button - Submit"), 0): Scroll to object 'Object Repository/Practice Form/button - Submit' successfully

15-06-2025T15:14:28 - [MESSAGE][WARNING] - Timeout '0' is invalid. Using default page load timeout: '30'

15-06-2025T15:14:28 - [MESSAGE][PASSED] - Scroll to object 'Object Repository/Practice Form/button - Submit' successfully

15-06-2025T15:14:28 - [TEST_STEP][PASSED] - click(findTestObject("Object Repository/Practice Form/button - Submit")): Object: 'Object Repository/Practice Form/button - Submit' is clicked on

15-06-2025T15:14:28 - [MESSAGE][PASSED] - Object: 'Object Repository/Practice Form/button - Submit' is clicked on

15-06-2025T15:14:28 - [TEST_STEP][PASSED] - verifyElementPresent(findTestObject("Object Repository/Modal/txt - Modal title"), 2, CONTINUE_ON_FAILURE): Object 'Object Repository/Modal/txt - Modal title' is present

15-06-2025T15:14:28 - [MESSAGE][PASSED] - Object 'Object Repository/Modal/txt - Modal title' is present

15-06-2025T15:14:28 - [TEST_STEP][PASSED] - markPassed("Validation case : " + testNote): Validation case : input without hobbies (optional)

15-06-2025T15:14:28 - [MESSAGE][PASSED] - Validation case : input without hobbies (optional)

15-06-2025T15:14:28 - [TEST_STEP][PASSED] - closeBrowser(): Browser is closed

15-06-2025T15:14:28 - [MESSAGE][PASSED] - Browser is closed]]></system-out>
         <system-err><![CDATA[]]></system-err>
      </testcase>
      <testcase name="Test Cases/2. Normal Input/INP 1 - Valid data input to form" time="23.786" classname="Test Cases/2. Normal Input/INP 1 - Valid data input to form" status="PASSED">
         <system-out><![CDATA[15-06-2025T15:14:28 - [TEST_CASE][PASSED] - Test Cases/2. Normal Input/INP 1 - Valid data input to form: Test Cases/2. Normal Input/INP 1 - Valid data input to form

15-06-2025T15:14:28 - [TEST_STEP][PASSED] - openBrowser(""): Browser is opened with url: ''

15-06-2025T15:14:28 - [MESSAGE][INFO] - Starting 'Chrome' driver

15-06-2025T15:14:28 - [MESSAGE][INFO] - Action delay is set to 0 milliseconds

15-06-2025T15:14:29 - [MESSAGE][WARNING] - FFmpeg was not installed! Browser Recording will be disabled. Please follow this document to install FFmpeg first: https://docs.katalon.com/katalon-studio/docs/screenshots-videos.html#browser-based-recorder

15-06-2025T15:14:29 - [MESSAGE][PASSED] - Browser is opened with url: ''

15-06-2025T15:14:29 - [TEST_STEP][PASSED] - navigateToUrl(baseUrl): Navigate to 'https://demoqa.com/automation-practice-form' successfully

15-06-2025T15:14:47 - [MESSAGE][PASSED] - Navigate to 'https://demoqa.com/automation-practice-form' successfully

15-06-2025T15:14:47 - [TEST_STEP][PASSED] - verifyElementPresent(findTestObject("Object Repository/Practice Form/Title Name - Practice Form"), 0): Object 'Object Repository/Practice Form/Title Name - Practice Form' is present

15-06-2025T15:14:47 - [MESSAGE][WARNING] - Timeout '0' is invalid. Using default page load timeout: '30'

15-06-2025T15:14:47 - [MESSAGE][PASSED] - Object 'Object Repository/Practice Form/Title Name - Practice Form' is present

15-06-2025T15:14:47 - [TEST_STEP][PASSED] - setText(findTestObject("Object Repository/Practice Form/txtfield - First name"), firstName): Text 'Forza' is set on object 'Object Repository/Practice Form/txtfield - First name'

15-06-2025T15:14:47 - [MESSAGE][PASSED] - Text 'Forza' is set on object 'Object Repository/Practice Form/txtfield - First name'

15-06-2025T15:14:47 - [TEST_STEP][PASSED] - setText(findTestObject("Object Repository/Practice Form/txtfield - Last name"), lastName): Text 'Milan' is set on object 'Object Repository/Practice Form/txtfield - Last name'

15-06-2025T15:14:47 - [MESSAGE][PASSED] - Text 'Milan' is set on object 'Object Repository/Practice Form/txtfield - Last name'

15-06-2025T15:14:47 - [TEST_STEP][PASSED] - setText(findTestObject("Object Repository/Practice Form/txtfield - User Email"), email): Text 'milanforza@sansiro.com' is set on object 'Object Repository/Practice Form/txtfield - User Email'

15-06-2025T15:14:47 - [MESSAGE][PASSED] - Text 'milanforza@sansiro.com' is set on object 'Object Repository/Practice Form/txtfield - User Email'

15-06-2025T15:14:47 - [TEST_STEP][PASSED] - scrollToElement(findTestObject("Object Repository/Practice Form/radiobox - Male"), 0): Scroll to object 'Object Repository/Practice Form/radiobox - Male' successfully

15-06-2025T15:14:47 - [MESSAGE][WARNING] - Timeout '0' is invalid. Using default page load timeout: '30'

15-06-2025T15:14:47 - [MESSAGE][PASSED] - Scroll to object 'Object Repository/Practice Form/radiobox - Male' successfully

15-06-2025T15:14:47 - [TEST_STEP][PASSED] - if (gender == "Male"): Object: 'Object Repository/Practice Form/radiobox - Male' is clicked on

15-06-2025T15:14:47 - [TEST_STEP][PASSED] - click(findTestObject("Object Repository/Practice Form/radiobox - Male")): Object: 'Object Repository/Practice Form/radiobox - Male' is clicked on

15-06-2025T15:14:47 - [MESSAGE][PASSED] - Object: 'Object Repository/Practice Form/radiobox - Male' is clicked on

15-06-2025T15:14:47 - [TEST_STEP][PASSED] - scrollToElement(findTestObject("Object Repository/Practice Form/txtfield - Mobile number"), 0): Scroll to object 'Object Repository/Practice Form/txtfield - Mobile number' successfully

15-06-2025T15:14:47 - [MESSAGE][WARNING] - Timeout '0' is invalid. Using default page load timeout: '30'

15-06-2025T15:14:47 - [MESSAGE][PASSED] - Scroll to object 'Object Repository/Practice Form/txtfield - Mobile number' successfully

15-06-2025T15:14:47 - [TEST_STEP][PASSED] - setText(findTestObject("Object Repository/Practice Form/txtfield - Mobile number"), mobile): Text '0382938291' is set on object 'Object Repository/Practice Form/txtfield - Mobile number'

15-06-2025T15:14:48 - [MESSAGE][PASSED] - Text '0382938291' is set on object 'Object Repository/Practice Form/txtfield - Mobile number'

15-06-2025T15:14:48 - [TEST_STEP][PASSED] - scrollToElement(findTestObject("Object Repository/Practice Form/txtfield - Birth date"), 0): Scroll to object 'Object Repository/Practice Form/txtfield - Birth date' successfully

15-06-2025T15:14:48 - [MESSAGE][WARNING] - Timeout '0' is invalid. Using default page load timeout: '30'

15-06-2025T15:14:48 - [MESSAGE][PASSED] - Scroll to object 'Object Repository/Practice Form/txtfield - Birth date' successfully

15-06-2025T15:14:48 - [TEST_STEP][PASSED] - click(findTestObject("Object Repository/Practice Form/txtfield - Birth date")): Object: 'Object Repository/Practice Form/txtfield - Birth date' is clicked on

15-06-2025T15:14:48 - [MESSAGE][PASSED] - Object: 'Object Repository/Practice Form/txtfield - Birth date' is clicked on

15-06-2025T15:14:48 - [TEST_STEP][PASSED] - click(findTestObject("Object Repository/Practice Form/specific date picker")): Object: 'Object Repository/Practice Form/specific date picker' is clicked on

15-06-2025T15:14:48 - [MESSAGE][PASSED] - Object: 'Object Repository/Practice Form/specific date picker' is clicked on

15-06-2025T15:14:48 - [TEST_STEP][PASSED] - scrollToElement(findTestObject("Object Repository/Practice Form/txtfield - Subjects"), 0): Scroll to object 'Object Repository/Practice Form/txtfield - Subjects' successfully

15-06-2025T15:14:48 - [MESSAGE][WARNING] - Timeout '0' is invalid. Using default page load timeout: '30'

15-06-2025T15:14:48 - [MESSAGE][PASSED] - Scroll to object 'Object Repository/Practice Form/txtfield - Subjects' successfully

15-06-2025T15:14:48 - [TEST_STEP][PASSED] - if (subjects != null): Text 'English' is set on object 'Object Repository/Practice Form/txtfield - Subjects'

15-06-2025T15:14:48 - [TEST_STEP][PASSED] - setText(findTestObject("Object Repository/Practice Form/txtfield - Subjects"), subjects): Text 'English' is set on object 'Object Repository/Practice Form/txtfield - Subjects'

15-06-2025T15:14:48 - [MESSAGE][PASSED] - Text 'English' is set on object 'Object Repository/Practice Form/txtfield - Subjects'

15-06-2025T15:14:48 - [TEST_STEP][PASSED] - sendKeys(findTestObject("Object Repository/Practice Form/txtfield - Subjects"), TAB.toString()): Keys 'TAB + ' sent to object: 'Object Repository/Practice Form/txtfield - Subjects'

15-06-2025T15:14:48 - [MESSAGE][PASSED] - Keys 'TAB + ' sent to object: 'Object Repository/Practice Form/txtfield - Subjects'

15-06-2025T15:14:48 - [TEST_STEP][PASSED] - scrollToElement(findTestObject("Object Repository/Practice Form/checkbox - Sports"), 0): Scroll to object 'Object Repository/Practice Form/checkbox - Sports' successfully

15-06-2025T15:14:48 - [MESSAGE][WARNING] - Timeout '0' is invalid. Using default page load timeout: '30'

15-06-2025T15:14:48 - [MESSAGE][PASSED] - Scroll to object 'Object Repository/Practice Form/checkbox - Sports' successfully

15-06-2025T15:14:48 - [TEST_STEP][PASSED] - if (hobbies == "Sports"): Object: 'Object Repository/Practice Form/checkbox - Sports' is clicked on

15-06-2025T15:14:48 - [TEST_STEP][PASSED] - click(findTestObject("Object Repository/Practice Form/checkbox - Sports")): Object: 'Object Repository/Practice Form/checkbox - Sports' is clicked on

15-06-2025T15:14:48 - [MESSAGE][PASSED] - Object: 'Object Repository/Practice Form/checkbox - Sports' is clicked on

15-06-2025T15:14:49 - [TEST_STEP][PASSED] - imagePath = getProjectDir() + "/Include/image/gambarDummy.jpeg": null

15-06-2025T15:14:49 - [TEST_STEP][PASSED] - uploadFile(findTestObject("Object Repository/Practice Form/file - Picture"), imagePath): File 'C:/Users/M S I/Katalon Studio/web-maulana-afteroffice-katalon/Include/image/gambarDummy.jpeg' sent to object: 'Object Repository/Practice Form/file - Picture'

15-06-2025T15:14:49 - [MESSAGE][PASSED] - File 'C:/Users/M S I/Katalon Studio/web-maulana-afteroffice-katalon/Include/image/gambarDummy.jpeg' sent to object: 'Object Repository/Practice Form/file - Picture'

15-06-2025T15:14:49 - [TEST_STEP][PASSED] - scrollToElement(findTestObject("Object Repository/Practice Form/textarea - Current address"), 0): Scroll to object 'Object Repository/Practice Form/textarea - Current address' successfully

15-06-2025T15:14:49 - [MESSAGE][WARNING] - Timeout '0' is invalid. Using default page load timeout: '30'

15-06-2025T15:14:49 - [MESSAGE][PASSED] - Scroll to object 'Object Repository/Practice Form/textarea - Current address' successfully

15-06-2025T15:14:49 - [TEST_STEP][PASSED] - setText(findTestObject("Object Repository/Practice Form/textarea - Current address"), currentAddress): Text '' is set on object 'Object Repository/Practice Form/textarea - Current address'

15-06-2025T15:14:49 - [MESSAGE][PASSED] - Text '' is set on object 'Object Repository/Practice Form/textarea - Current address'

15-06-2025T15:14:49 - [TEST_STEP][PASSED] - scrollToElement(findTestObject("Object Repository/Practice Form/txtfield - State"), 0): Scroll to object 'Object Repository/Practice Form/txtfield - State' successfully

15-06-2025T15:14:49 - [MESSAGE][WARNING] - Timeout '0' is invalid. Using default page load timeout: '30'

15-06-2025T15:14:49 - [MESSAGE][PASSED] - Scroll to object 'Object Repository/Practice Form/txtfield - State' successfully

15-06-2025T15:14:49 - [TEST_STEP][PASSED] - if (state != null && state != ""): Keys 'TAB + ' sent to object: 'Object Repository/Practice Form/txtfield - State'

15-06-2025T15:14:49 - [TEST_STEP][PASSED] - setText(findTestObject("Object Repository/Practice Form/txtfield - State"), state): Text 'NCR' is set on object 'Object Repository/Practice Form/txtfield - State'

15-06-2025T15:14:49 - [MESSAGE][PASSED] - Text 'NCR' is set on object 'Object Repository/Practice Form/txtfield - State'

15-06-2025T15:14:49 - [TEST_STEP][PASSED] - delay(1): Delayed 1 second(s)

15-06-2025T15:14:50 - [MESSAGE][PASSED] - Delayed 1 second(s)

15-06-2025T15:14:50 - [TEST_STEP][PASSED] - sendKeys(findTestObject("Object Repository/Practice Form/txtfield - State"), TAB.toString()): Keys 'TAB + ' sent to object: 'Object Repository/Practice Form/txtfield - State'

15-06-2025T15:14:50 - [MESSAGE][PASSED] - Keys 'TAB + ' sent to object: 'Object Repository/Practice Form/txtfield - State'

15-06-2025T15:14:50 - [TEST_STEP][PASSED] - if (city != null && city != ""): Keys 'DOWN + ENTER + ' sent to object: 'Object Repository/Practice Form/txtfield - City'

15-06-2025T15:14:50 - [TEST_STEP][PASSED] - setText(findTestObject("Object Repository/Practice Form/txtfield - City"), city): Text 'Delhi' is set on object 'Object Repository/Practice Form/txtfield - City'

15-06-2025T15:14:50 - [MESSAGE][PASSED] - Text 'Delhi' is set on object 'Object Repository/Practice Form/txtfield - City'

15-06-2025T15:14:50 - [TEST_STEP][PASSED] - delay(1): Delayed 1 second(s)

15-06-2025T15:14:51 - [MESSAGE][PASSED] - Delayed 1 second(s)

15-06-2025T15:14:51 - [TEST_STEP][PASSED] - sendKeys(findTestObject("Object Repository/Practice Form/txtfield - City"), Keys.chord(ARROW_DOWN, ENTER)): Keys 'DOWN + ENTER + ' sent to object: 'Object Repository/Practice Form/txtfield - City'

15-06-2025T15:14:51 - [MESSAGE][PASSED] - Keys 'DOWN + ENTER + ' sent to object: 'Object Repository/Practice Form/txtfield - City'

15-06-2025T15:14:51 - [TEST_STEP][PASSED] - scrollToElement(findTestObject("Object Repository/Practice Form/button - Submit"), 0): Scroll to object 'Object Repository/Practice Form/button - Submit' successfully

15-06-2025T15:14:51 - [MESSAGE][WARNING] - Timeout '0' is invalid. Using default page load timeout: '30'

15-06-2025T15:14:51 - [MESSAGE][PASSED] - Scroll to object 'Object Repository/Practice Form/button - Submit' successfully

15-06-2025T15:14:51 - [TEST_STEP][PASSED] - click(findTestObject("Object Repository/Practice Form/button - Submit")): Object: 'Object Repository/Practice Form/button - Submit' is clicked on

15-06-2025T15:14:51 - [MESSAGE][PASSED] - Object: 'Object Repository/Practice Form/button - Submit' is clicked on

15-06-2025T15:14:51 - [TEST_STEP][PASSED] - verifyElementPresent(findTestObject("Object Repository/Modal/txt - Modal title"), 2, CONTINUE_ON_FAILURE): Object 'Object Repository/Modal/txt - Modal title' is present

15-06-2025T15:14:51 - [MESSAGE][PASSED] - Object 'Object Repository/Modal/txt - Modal title' is present

15-06-2025T15:14:51 - [TEST_STEP][PASSED] - markPassed("Validation case : " + testNote): Validation case : input without address (optional)

15-06-2025T15:14:51 - [MESSAGE][PASSED] - Validation case : input without address (optional)

15-06-2025T15:14:51 - [TEST_STEP][PASSED] - closeBrowser(): Browser is closed

15-06-2025T15:14:52 - [MESSAGE][PASSED] - Browser is closed]]></system-out>
         <system-err><![CDATA[]]></system-err>
      </testcase>
      <testcase name="Test Cases/2. Normal Input/INP 1 - Valid data input to form" time="23.265" classname="Test Cases/2. Normal Input/INP 1 - Valid data input to form" status="PASSED">
         <system-out><![CDATA[15-06-2025T15:14:52 - [TEST_CASE][PASSED] - Test Cases/2. Normal Input/INP 1 - Valid data input to form: Test Cases/2. Normal Input/INP 1 - Valid data input to form

15-06-2025T15:14:52 - [TEST_STEP][PASSED] - openBrowser(""): Browser is opened with url: ''

15-06-2025T15:14:52 - [MESSAGE][INFO] - Starting 'Chrome' driver

15-06-2025T15:14:52 - [MESSAGE][INFO] - Action delay is set to 0 milliseconds

15-06-2025T15:14:53 - [MESSAGE][WARNING] - FFmpeg was not installed! Browser Recording will be disabled. Please follow this document to install FFmpeg first: https://docs.katalon.com/katalon-studio/docs/screenshots-videos.html#browser-based-recorder

15-06-2025T15:14:53 - [MESSAGE][PASSED] - Browser is opened with url: ''

15-06-2025T15:14:53 - [TEST_STEP][PASSED] - navigateToUrl(baseUrl): Navigate to 'https://demoqa.com/automation-practice-form' successfully

15-06-2025T15:15:12 - [MESSAGE][PASSED] - Navigate to 'https://demoqa.com/automation-practice-form' successfully

15-06-2025T15:15:12 - [TEST_STEP][PASSED] - verifyElementPresent(findTestObject("Object Repository/Practice Form/Title Name - Practice Form"), 0): Object 'Object Repository/Practice Form/Title Name - Practice Form' is present

15-06-2025T15:15:12 - [MESSAGE][WARNING] - Timeout '0' is invalid. Using default page load timeout: '30'

15-06-2025T15:15:12 - [MESSAGE][PASSED] - Object 'Object Repository/Practice Form/Title Name - Practice Form' is present

15-06-2025T15:15:12 - [TEST_STEP][PASSED] - setText(findTestObject("Object Repository/Practice Form/txtfield - First name"), firstName): Text 'Bravo' is set on object 'Object Repository/Practice Form/txtfield - First name'

15-06-2025T15:15:13 - [MESSAGE][PASSED] - Text 'Bravo' is set on object 'Object Repository/Practice Form/txtfield - First name'

15-06-2025T15:15:13 - [TEST_STEP][PASSED] - setText(findTestObject("Object Repository/Practice Form/txtfield - Last name"), lastName): Text 'TNI' is set on object 'Object Repository/Practice Form/txtfield - Last name'

15-06-2025T15:15:13 - [MESSAGE][PASSED] - Text 'TNI' is set on object 'Object Repository/Practice Form/txtfield - Last name'

15-06-2025T15:15:13 - [TEST_STEP][PASSED] - setText(findTestObject("Object Repository/Practice Form/txtfield - User Email"), email): Text 'tnibravo@military.com' is set on object 'Object Repository/Practice Form/txtfield - User Email'

15-06-2025T15:15:13 - [MESSAGE][PASSED] - Text 'tnibravo@military.com' is set on object 'Object Repository/Practice Form/txtfield - User Email'

15-06-2025T15:15:13 - [TEST_STEP][PASSED] - scrollToElement(findTestObject("Object Repository/Practice Form/radiobox - Male"), 0): Scroll to object 'Object Repository/Practice Form/radiobox - Male' successfully

15-06-2025T15:15:13 - [MESSAGE][WARNING] - Timeout '0' is invalid. Using default page load timeout: '30'

15-06-2025T15:15:13 - [MESSAGE][PASSED] - Scroll to object 'Object Repository/Practice Form/radiobox - Male' successfully

15-06-2025T15:15:13 - [TEST_STEP][PASSED] - if (gender == "Male"): Object: 'Object Repository/Practice Form/radiobox - Male' is clicked on

15-06-2025T15:15:13 - [TEST_STEP][PASSED] - click(findTestObject("Object Repository/Practice Form/radiobox - Male")): Object: 'Object Repository/Practice Form/radiobox - Male' is clicked on

15-06-2025T15:15:13 - [MESSAGE][PASSED] - Object: 'Object Repository/Practice Form/radiobox - Male' is clicked on

15-06-2025T15:15:13 - [TEST_STEP][PASSED] - scrollToElement(findTestObject("Object Repository/Practice Form/txtfield - Mobile number"), 0): Scroll to object 'Object Repository/Practice Form/txtfield - Mobile number' successfully

15-06-2025T15:15:13 - [MESSAGE][WARNING] - Timeout '0' is invalid. Using default page load timeout: '30'

15-06-2025T15:15:13 - [MESSAGE][PASSED] - Scroll to object 'Object Repository/Practice Form/txtfield - Mobile number' successfully

15-06-2025T15:15:13 - [TEST_STEP][PASSED] - setText(findTestObject("Object Repository/Practice Form/txtfield - Mobile number"), mobile): Text '0341034123' is set on object 'Object Repository/Practice Form/txtfield - Mobile number'

15-06-2025T15:15:13 - [MESSAGE][PASSED] - Text '0341034123' is set on object 'Object Repository/Practice Form/txtfield - Mobile number'

15-06-2025T15:15:13 - [TEST_STEP][PASSED] - scrollToElement(findTestObject("Object Repository/Practice Form/txtfield - Birth date"), 0): Scroll to object 'Object Repository/Practice Form/txtfield - Birth date' successfully

15-06-2025T15:15:13 - [MESSAGE][WARNING] - Timeout '0' is invalid. Using default page load timeout: '30'

15-06-2025T15:15:13 - [MESSAGE][PASSED] - Scroll to object 'Object Repository/Practice Form/txtfield - Birth date' successfully

15-06-2025T15:15:13 - [TEST_STEP][PASSED] - click(findTestObject("Object Repository/Practice Form/txtfield - Birth date")): Object: 'Object Repository/Practice Form/txtfield - Birth date' is clicked on

15-06-2025T15:15:14 - [MESSAGE][PASSED] - Object: 'Object Repository/Practice Form/txtfield - Birth date' is clicked on

15-06-2025T15:15:14 - [TEST_STEP][PASSED] - click(findTestObject("Object Repository/Practice Form/specific date picker")): Object: 'Object Repository/Practice Form/specific date picker' is clicked on

15-06-2025T15:15:14 - [MESSAGE][PASSED] - Object: 'Object Repository/Practice Form/specific date picker' is clicked on

15-06-2025T15:15:14 - [TEST_STEP][PASSED] - scrollToElement(findTestObject("Object Repository/Practice Form/txtfield - Subjects"), 0): Scroll to object 'Object Repository/Practice Form/txtfield - Subjects' successfully

15-06-2025T15:15:14 - [MESSAGE][WARNING] - Timeout '0' is invalid. Using default page load timeout: '30'

15-06-2025T15:15:14 - [MESSAGE][PASSED] - Scroll to object 'Object Repository/Practice Form/txtfield - Subjects' successfully

15-06-2025T15:15:14 - [TEST_STEP][PASSED] - if (subjects != null): Text 'Economics' is set on object 'Object Repository/Practice Form/txtfield - Subjects'

15-06-2025T15:15:14 - [TEST_STEP][PASSED] - setText(findTestObject("Object Repository/Practice Form/txtfield - Subjects"), subjects): Text 'Economics' is set on object 'Object Repository/Practice Form/txtfield - Subjects'

15-06-2025T15:15:14 - [MESSAGE][PASSED] - Text 'Economics' is set on object 'Object Repository/Practice Form/txtfield - Subjects'

15-06-2025T15:15:14 - [TEST_STEP][PASSED] - sendKeys(findTestObject("Object Repository/Practice Form/txtfield - Subjects"), TAB.toString()): Keys 'TAB + ' sent to object: 'Object Repository/Practice Form/txtfield - Subjects'

15-06-2025T15:15:14 - [MESSAGE][PASSED] - Keys 'TAB + ' sent to object: 'Object Repository/Practice Form/txtfield - Subjects'

15-06-2025T15:15:14 - [TEST_STEP][PASSED] - scrollToElement(findTestObject("Object Repository/Practice Form/checkbox - Sports"), 0): Scroll to object 'Object Repository/Practice Form/checkbox - Sports' successfully

15-06-2025T15:15:14 - [MESSAGE][WARNING] - Timeout '0' is invalid. Using default page load timeout: '30'

15-06-2025T15:15:14 - [MESSAGE][PASSED] - Scroll to object 'Object Repository/Practice Form/checkbox - Sports' successfully

15-06-2025T15:15:14 - [TEST_STEP][PASSED] - if (hobbies == "Sports"): null

15-06-2025T15:15:14 - [TEST_STEP][PASSED] - else if (hobbies == "Reading"): Object: 'Object Repository/Practice Form/checkbox - Reading' is clicked on

15-06-2025T15:15:14 - [TEST_STEP][PASSED] - click(findTestObject("Object Repository/Practice Form/checkbox - Reading")): Object: 'Object Repository/Practice Form/checkbox - Reading' is clicked on

15-06-2025T15:15:14 - [MESSAGE][PASSED] - Object: 'Object Repository/Practice Form/checkbox - Reading' is clicked on

15-06-2025T15:15:14 - [TEST_STEP][PASSED] - imagePath = getProjectDir() + "/Include/image/gambarDummy.jpeg": null

15-06-2025T15:15:14 - [TEST_STEP][PASSED] - uploadFile(findTestObject("Object Repository/Practice Form/file - Picture"), imagePath): File 'C:/Users/M S I/Katalon Studio/web-maulana-afteroffice-katalon/Include/image/gambarDummy.jpeg' sent to object: 'Object Repository/Practice Form/file - Picture'

15-06-2025T15:15:14 - [MESSAGE][PASSED] - File 'C:/Users/M S I/Katalon Studio/web-maulana-afteroffice-katalon/Include/image/gambarDummy.jpeg' sent to object: 'Object Repository/Practice Form/file - Picture'

15-06-2025T15:15:14 - [TEST_STEP][PASSED] - scrollToElement(findTestObject("Object Repository/Practice Form/textarea - Current address"), 0): Scroll to object 'Object Repository/Practice Form/textarea - Current address' successfully

15-06-2025T15:15:14 - [MESSAGE][WARNING] - Timeout '0' is invalid. Using default page load timeout: '30'

15-06-2025T15:15:14 - [MESSAGE][PASSED] - Scroll to object 'Object Repository/Practice Form/textarea - Current address' successfully

15-06-2025T15:15:14 - [TEST_STEP][PASSED] - setText(findTestObject("Object Repository/Practice Form/textarea - Current address"), currentAddress): Text 'Jl. Camp Nou 23 Spain' is set on object 'Object Repository/Practice Form/textarea - Current address'

15-06-2025T15:15:14 - [MESSAGE][PASSED] - Text 'Jl. Camp Nou 23 Spain' is set on object 'Object Repository/Practice Form/textarea - Current address'

15-06-2025T15:15:14 - [TEST_STEP][PASSED] - scrollToElement(findTestObject("Object Repository/Practice Form/txtfield - State"), 0): Scroll to object 'Object Repository/Practice Form/txtfield - State' successfully

15-06-2025T15:15:14 - [MESSAGE][WARNING] - Timeout '0' is invalid. Using default page load timeout: '30'

15-06-2025T15:15:14 - [MESSAGE][PASSED] - Scroll to object 'Object Repository/Practice Form/txtfield - State' successfully

15-06-2025T15:15:14 - [TEST_STEP][PASSED] - if (state != null && state != ""): null

15-06-2025T15:15:14 - [TEST_STEP][PASSED] - else: data state is null

[...]

15-06-2025T15:21:22 - [TEST_STEP][PASSED] - if (subjects != null): Text 'Economics' is set on object 'Object Repository/Practice Form/txtfield - Subjects'

15-06-2025T15:21:22 - [TEST_STEP][PASSED] - setText(findTestObject("Object Repository/Practice Form/txtfield - Subjects"), subjects): Text 'Economics' is set on object 'Object Repository/Practice Form/txtfield - Subjects'

15-06-2025T15:21:22 - [MESSAGE][PASSED] - Text 'Economics' is set on object 'Object Repository/Practice Form/txtfield - Subjects'

15-06-2025T15:21:22 - [TEST_STEP][PASSED] - sendKeys(findTestObject("Object Repository/Practice Form/txtfield - Subjects"), TAB.toString()): Keys 'TAB + ' sent to object: 'Object Repository/Practice Form/txtfield - Subjects'

15-06-2025T15:21:22 - [MESSAGE][PASSED] - Keys 'TAB + ' sent to object: 'Object Repository/Practice Form/txtfield - Subjects'

15-06-2025T15:21:22 - [TEST_STEP][PASSED] - scrollToElement(findTestObject("Object Repository/Practice Form/checkbox - Sports"), 0): Scroll to object 'Object Repository/Practice Form/checkbox - Sports' successfully

15-06-2025T15:21:22 - [MESSAGE][WARNING] - Timeout '0' is invalid. Using default page load timeout: '30'

15-06-2025T15:21:22 - [MESSAGE][PASSED] - Scroll to object 'Object Repository/Practice Form/checkbox - Sports' successfully

15-06-2025T15:21:22 - [TEST_STEP][PASSED] - if (hobbies == "Sports"): null

15-06-2025T15:21:22 - [TEST_STEP][PASSED] - else if (hobbies == "Reading"): null

15-06-2025T15:21:22 - [TEST_STEP][PASSED] - else if (hobbies == "Music"): null

15-06-2025T15:21:22 - [TEST_STEP][PASSED] - else if (hobbies == ""): User not choosing hobbies section

15-06-2025T15:21:22 - [TEST_STEP][PASSED] - markPassed("User not choosing hobbies section"): User not choosing hobbies section

15-06-2025T15:21:22 - [MESSAGE][PASSED] - User not choosing hobbies section

15-06-2025T15:21:22 - [TEST_STEP][PASSED] - imagePath = getProjectDir() + "/Include/image/gambarDummy.jpeg": null

15-06-2025T15:21:22 - [TEST_STEP][PASSED] - uploadFile(findTestObject("Object Repository/Practice Form/file - Picture"), imagePath): File 'C:/Users/M S I/Katalon Studio/web-maulana-afteroffice-katalon/Include/image/gambarDummy.jpeg' sent to object: 'Object Repository/Practice Form/file - Picture'

15-06-2025T15:21:22 - [MESSAGE][PASSED] - File 'C:/Users/M S I/Katalon Studio/web-maulana-afteroffice-katalon/Include/image/gambarDummy.jpeg' sent to object: 'Object Repository/Practice Form/file - Picture'

15-06-2025T15:21:22 - [TEST_STEP][PASSED] - scrollToElement(findTestObject("Object Repository/Practice Form/textarea - Current address"), 0): Scroll to object 'Object Repository/Practice Form/textarea - Current address' successfully

15-06-2025T15:21:22 - [MESSAGE][WARNING] - Timeout '0' is invalid. Using default page load timeout: '30'

15-06-2025T15:21:23 - [MESSAGE][PASSED] - Scroll to object 'Object Repository/Practice Form/textarea - Current address' successfully

15-06-2025T15:21:23 - [TEST_STEP][PASSED] - setText(findTestObject("Object Repository/Practice Form/textarea - Current address"), currentAddress): Text 'Jl. Adi Sucipto Jakarta' is set on object 'Object Repository/Practice Form/textarea - Current address'

15-06-2025T15:21:23 - [MESSAGE][PASSED] - Text 'Jl. Adi Sucipto Jakarta' is set on object 'Object Repository/Practice Form/textarea - Current address'

15-06-2025T15:21:23 - [TEST_STEP][PASSED] - scrollToElement(findTestObject("Object Repository/Practice Form/txtfield - State"), 0): Scroll to object 'Object Repository/Practice Form/txtfield - State' successfully

15-06-2025T15:21:23 - [MESSAGE][WARNING] - Timeout '0' is invalid. Using default page load timeout: '30'

15-06-2025T15:21:23 - [MESSAGE][PASSED] - Scroll to object 'Object Repository/Practice Form/txtfield - State' successfully

15-06-2025T15:21:23 - [TEST_STEP][PASSED] - if (state != null && state != ""): Keys 'TAB + ' sent to object: 'Object Repository/Practice Form/txtfield - State'

15-06-2025T15:21:23 - [TEST_STEP][PASSED] - setText(findTestObject("Object Repository/Practice Form/txtfield - State"), state): Text 'NCR' is set on object 'Object Repository/Practice Form/txtfield - State'

15-06-2025T15:21:23 - [MESSAGE][PASSED] - Text 'NCR' is set on object 'Object Repository/Practice Form/txtfield - State'

15-06-2025T15:21:23 - [TEST_STEP][PASSED] - delay(1): Delayed 1 second(s)

15-06-2025T15:21:24 - [MESSAGE][PASSED] - Delayed 1 second(s)

15-06-2025T15:21:24 - [TEST_STEP][PASSED] - sendKeys(findTestObject("Object Repository/Practice Form/txtfield - State"), TAB.toString()): Keys 'TAB + ' sent to object: 'Object Repository/Practice Form/txtfield - State'

15-06-2025T15:21:24 - [MESSAGE][PASSED] - Keys 'TAB + ' sent to object: 'Object Repository/Practice Form/txtfield - State'

15-06-2025T15:21:24 - [TEST_STEP][PASSED] - if (city != null && city != ""): Keys 'DOWN + ENTER + ' sent to object: 'Object Repository/Practice Form/txtfield - City'

15-06-2025T15:21:24 - [TEST_STEP][PASSED] - setText(findTestObject("Object Repository/Practice Form/txtfield - City"), city): Text 'Delhi' is set on object 'Object Repository/Practice Form/txtfield - City'

15-06-2025T15:21:24 - [MESSAGE][PASSED] - Text 'Delhi' is set on object 'Object Repository/Practice Form/txtfield - City'

15-06-2025T15:21:24 - [TEST_STEP][PASSED] - delay(1): Delayed 1 second(s)

15-06-2025T15:21:25 - [MESSAGE][PASSED] - Delayed 1 second(s)

15-06-2025T15:21:25 - [TEST_STEP][PASSED] - sendKeys(findTestObject("Object Repository/Practice Form/txtfield - City"), Keys.chord(ARROW_DOWN, ENTER)): Keys 'DOWN + ENTER + ' sent to object: 'Object Repository/Practice Form/txtfield - City'

15-06-2025T15:21:25 - [MESSAGE][PASSED] - Keys 'DOWN + ENTER + ' sent to object: 'Object Repository/Practice Form/txtfield - City'

15-06-2025T15:21:25 - [TEST_STEP][PASSED] - scrollToElement(findTestObject("Object Repository/Practice Form/button - Submit"), 0): Scroll to object 'Object Repository/Practice Form/button - Submit' successfully

15-06-2025T15:21:25 - [MESSAGE][WARNING] - Timeout '0' is invalid. Using default page load timeout: '30'

15-06-2025T15:21:25 - [MESSAGE][PASSED] - Scroll to object 'Object Repository/Practice Form/button - Submit' successfully

15-06-2025T15:21:25 - [TEST_STEP][PASSED] - click(findTestObject("Object Repository/Practice Form/button - Submit")): Object: 'Object Repository/Practice Form/button - Submit' is clicked on

15-06-2025T15:21:25 - [MESSAGE][PASSED] - Object: 'Object Repository/Practice Form/button - Submit' is clicked on

15-06-2025T15:21:25 - [TEST_STEP][PASSED] - verifyElementNotPresent(findTestObject("Object Repository/Modal/txt - Modal title"), 2, CONTINUE_ON_FAILURE): Web element with id: 'Object Repository/Modal/txt - Modal title' located by 'By.xpath: //div[@id='example-modal-sizes-title-lg']' is not present after '2' second(s)

15-06-2025T15:21:25 - [MESSAGE][PASSED] - Web element with id: 'Object Repository/Modal/txt - Modal title' located by 'By.xpath: //div[@id='example-modal-sizes-title-lg']' is not present after '2' second(s)

15-06-2025T15:21:25 - [TEST_STEP][PASSED] - markPassed("Validation case : " + testNote): Validation case : input empty gender

15-06-2025T15:21:25 - [MESSAGE][PASSED] - Validation case : input empty gender

15-06-2025T15:21:25 - [TEST_STEP][PASSED] - closeBrowser(): Browser is closed

15-06-2025T15:21:26 - [MESSAGE][PASSED] - Browser is closed]]></system-out>
         <system-err><![CDATA[]]></system-err>
      </testcase>
      <testcase name="Test Cases/1. Validating Form/VLD 2 - Mandatory field negative validation" time="13.87" classname="Test Cases/1. Validating Form/VLD 2 - Mandatory field negative validation" status="PASSED">
         <system-out><![CDATA[15-06-2025T15:21:26 - [TEST_CASE][PASSED] - Test Cases/1. Validating Form/VLD 2 - Mandatory field negative validation: Test Cases/1. Validating Form/VLD 2 - Mandatory field negative validation

15-06-2025T15:21:26 - [TEST_STEP][PASSED] - openBrowser(""): Browser is opened with url: ''

15-06-2025T15:21:26 - [MESSAGE][INFO] - Starting 'Chrome' driver

15-06-2025T15:21:26 - [MESSAGE][INFO] - Action delay is set to 0 milliseconds

15-06-2025T15:21:27 - [MESSAGE][WARNING] - FFmpeg was not installed! Browser Recording will be disabled. Please follow this document to install FFmpeg first: https://docs.katalon.com/katalon-studio/docs/screenshots-videos.html#browser-based-recorder

15-06-2025T15:21:27 - [MESSAGE][PASSED] - Browser is opened with url: ''

15-06-2025T15:21:27 - [TEST_STEP][PASSED] - navigateToUrl(baseUrl): Navigate to 'https://demoqa.com/automation-practice-form' successfully

15-06-2025T15:21:37 - [MESSAGE][PASSED] - Navigate to 'https://demoqa.com/automation-practice-form' successfully

15-06-2025T15:21:37 - [TEST_STEP][PASSED] - verifyElementPresent(findTestObject("Object Repository/Practice Form/Title Name - Practice Form"), 0): Object 'Object Repository/Practice Form/Title Name - Practice Form' is present

15-06-2025T15:21:37 - [MESSAGE][WARNING] - Timeout '0' is invalid. Using default page load timeout: '30'

15-06-2025T15:21:37 - [MESSAGE][PASSED] - Object 'Object Repository/Practice Form/Title Name - Practice Form' is present

15-06-2025T15:21:37 - [TEST_STEP][PASSED] - setText(findTestObject("Object Repository/Practice Form/txtfield - First name"), firstName): Text 'Breaking' is set on object 'Object Repository/Practice Form/txtfield - First name'

15-06-2025T15:21:37 - [MESSAGE][PASSED] - Text 'Breaking' is set on object 'Object Repository/Practice Form/txtfield - First name'

15-06-2025T15:21:37 - [TEST_STEP][PASSED] - setText(findTestObject("Object Repository/Practice Form/txtfield - Last name"), lastName): Text 'Habbit' is set on object 'Object Repository/Practice Form/txtfield - Last name'

15-06-2025T15:21:38 - [MESSAGE][PASSED] - Text 'Habbit' is set on object 'Object Repository/Practice Form/txtfield - Last name'

15-06-2025T15:21:38 - [TEST_STEP][PASSED] - setText(findTestObject("Object Repository/Practice Form/txtfield - User Email"), email): Text 'brhabit@gmail.com' is set on object 'Object Repository/Practice Form/txtfield - User Email'

15-06-2025T15:21:38 - [MESSAGE][PASSED] - Text 'brhabit@gmail.com' is set on object 'Object Repository/Practice Form/txtfield - User Email'

15-06-2025T15:21:38 - [TEST_STEP][PASSED] - scrollToElement(findTestObject("Object Repository/Practice Form/radiobox - Male"), 0): Scroll to object 'Object Repository/Practice Form/radiobox - Male' successfully

15-06-2025T15:21:38 - [MESSAGE][WARNING] - Timeout '0' is invalid. Using default page load timeout: '30'

15-06-2025T15:21:38 - [MESSAGE][PASSED] - Scroll to object 'Object Repository/Practice Form/radiobox - Male' successfully

15-06-2025T15:21:38 - [TEST_STEP][PASSED] - if (gender == "Male"): null

15-06-2025T15:21:38 - [TEST_STEP][PASSED] - else if (gender == "Female"): Object: 'Object Repository/Practice Form/radiobox - Female' is clicked on

15-06-2025T15:21:38 - [TEST_STEP][PASSED] - click(findTestObject("Object Repository/Practice Form/radiobox - Female")): Object: 'Object Repository/Practice Form/radiobox - Female' is clicked on

15-06-2025T15:21:38 - [MESSAGE][PASSED] - Object: 'Object Repository/Practice Form/radiobox - Female' is clicked on

15-06-2025T15:21:38 - [TEST_STEP][PASSED] - scrollToElement(findTestObject("Object Repository/Practice Form/txtfield - Mobile number"), 0): Scroll to object 'Object Repository/Practice Form/txtfield - Mobile number' successfully

15-06-2025T15:21:38 - [MESSAGE][WARNING] - Timeout '0' is invalid. Using default page load timeout: '30'

15-06-2025T15:21:38 - [MESSAGE][PASSED] - Scroll to object 'Object Repository/Practice Form/txtfield - Mobile number' successfully

15-06-2025T15:21:38 - [TEST_STEP][PASSED] - setText(findTestObject("Object Repository/Practice Form/txtfield - Mobile number"), mobile): Text '089' is set on object 'Object Repository/Practice Form/txtfield - Mobile number'

15-06-2025T15:21:38 - [MESSAGE][PASSED] - Text '089' is set on object 'Object Repository/Practice Form/txtfield - Mobile number'

15-06-2025T15:21:38 - [TEST_STEP][PASSED] - scrollToElement(findTestObject("Object Repository/Practice Form/txtfield - Birth date"), 0): Scroll to object 'Object Repository/Practice Form/txtfield - Birth date' successfully

15-06-2025T15:21:38 - [MESSAGE][WARNING] - Timeout '0' is invalid. Using default page load timeout: '30'

15-06-2025T15:21:38 - [MESSAGE][PASSED] - Scroll to object 'Object Repository/Practice Form/txtfield - Birth date' successfully

15-06-2025T15:21:38 - [TEST_STEP][PASSED] - click(findTestObject("Object Repository/Practice Form/txtfield - Birth date")): Object: 'Object Repository/Practice Form/txtfield - Birth date' is clicked on

15-06-2025T15:21:38 - [MESSAGE][PASSED] - Object: 'Object Repository/Practice Form/txtfield - Birth date' is clicked on

15-06-2025T15:21:38 - [TEST_STEP][PASSED] - click(findTestObject("Object Repository/Practice Form/specific date picker")): Object: 'Object Repository/Practice Form/specific date picker' is clicked on

15-06-2025T15:21:38 - [MESSAGE][PASSED] - Object: 'Object Repository/Practice Form/specific date picker' is clicked on

15-06-2025T15:21:38 - [TEST_STEP][PASSED] - scrollToElement(findTestObject("Object Repository/Practice Form/txtfield - Subjects"), 0): Scroll to object 'Object Repository/Practice Form/txtfield - Subjects' successfully

15-06-2025T15:21:38 - [MESSAGE][WARNING] - Timeout '0' is invalid. Using default page load timeout: '30'

15-06-2025T15:21:38 - [MESSAGE][PASSED] - Scroll to object 'Object Repository/Practice Form/txtfield - Subjects' successfully

15-06-2025T15:21:38 - [TEST_STEP][PASSED] - if (subjects != null): Text '' is set on object 'Object Repository/Practice Form/txtfield - Subjects'

15-06-2025T15:21:38 - [TEST_STEP][PASSED] - setText(findTestObject("Object Repository/Practice Form/txtfield - Subjects"), subjects): Text '' is set on object 'Object Repository/Practice Form/txtfield - Subjects'

15-06-2025T15:21:39 - [MESSAGE][PASSED] - Text '' is set on object 'Object Repository/Practice Form/txtfield - Subjects'

15-06-2025T15:21:39 - [TEST_STEP][PASSED] - sendKeys(findTestObject("Object Repository/Practice Form/txtfield - Subjects"), TAB.toString()): Keys 'TAB + ' sent to object: 'Object Repository/Practice Form/txtfield - Subjects'

15-06-2025T15:21:39 - [MESSAGE][PASSED] - Keys 'TAB + ' sent to object: 'Object Repository/Practice Form/txtfield - Subjects'

15-06-2025T15:21:39 - [TEST_STEP][PASSED] - scrollToElement(findTestObject("Object Repository/Practice Form/checkbox - Sports"), 0): Scroll to object 'Object Repository/Practice Form/checkbox - Sports' successfully

15-06-2025T15:21:39 - [MESSAGE][WARNING] - Timeout '0' is invalid. Using default page load timeout: '30'

15-06-2025T15:21:39 - [MESSAGE][PASSED] - Scroll to object 'Object Repository/Practice Form/checkbox - Sports' successfully

15-06-2025T15:21:39 - [TEST_STEP][PASSED] - if (hobbies == "Sports"): null

15-06-2025T15:21:39 - [TEST_STEP][PASSED] - else if (hobbies == "Reading"): null

15-06-2025T15:21:39 - [TEST_STEP][PASSED] - else if (hobbies == "Music"): null

15-06-2025T15:21:39 - [TEST_STEP][PASSED] - else if (hobbies == ""): User not choosing hobbies section

15-06-2025T15:21:39 - [TEST_STEP][PASSED] - markPassed("User not choosing hobbies section"): User not choosing hobbies section

15-06-2025T15:21:39 - [MESSAGE][PASSED] - User not choosing hobbies section

15-06-2025T15:21:39 - [TEST_STEP][PASSED] - imagePath = getProjectDir() + "/Include/image/gambarDummy.jpeg": null

15-06-2025T15:21:39 - [TEST_STEP][PASSED] - uploadFile(findTestObject("Object Repository/Practice Form/file - Picture"), imagePath): File 'C:/Users/M S I/Katalon Studio/web-maulana-afteroffice-katalon/Include/image/gambarDummy.jpeg' sent to object: 'Object Repository/Practice Form/file - Picture'

15-06-2025T15:21:39 - [MESSAGE][PASSED] - File 'C:/Users/M S I/Katalon Studio/web-maulana-afteroffice-katalon/Include/image/gambarDummy.jpeg' sent to object: 'Object Repository/Practice Form/file - Picture'

15-06-2025T15:21:39 - [TEST_STEP][PASSED] - scrollToElement(findTestObject("Object Repository/Practice Form/textarea - Current address"), 0): Scroll to object 'Object Repository/Practice Form/textarea - Current address' successfully

15-06-2025T15:21:39 - [MESSAGE][WARNING] - Timeout '0' is invalid. Using default page load timeout: '30'

15-06-2025T15:21:39 - [MESSAGE][PASSED] - Scroll to object 'Object Repository/Practice Form/textarea - Current address' successfully

15-06-2025T15:21:39 - [TEST_STEP][PASSED] - setText(findTestObject("Object Repository/Practice Form/textarea - Current address"), currentAddress): Text '' is set on object 'Object Repository/Practice Form/textarea - Current address'

15-06-2025T15:21:39 - [MESSAGE][PASSED] - Text '' is set on object 'Object Repository/Practice Form/textarea - Current address'

15-06-2025T15:21:39 - [TEST_STEP][PASSED] - scrollToElement(findTestObject("Object Repository/Practice Form/txtfield - State"), 0): Scroll to object 'Object Repository/Practice Form/txtfield - State' successfully

15-06-2025T15:21:39 - [MESSAGE][WARNING] - Timeout '0' is invalid. Using default page load timeout: '30'

15-06-2025T15:21:39 - [MESSAGE][PASSED] - Scroll to object 'Object Repository/Practice Form/txtfield - State' successfully

15-06-2025T15:21:39 - [TEST_STEP][PASSED] - if (state != null && state != ""): null

15-06-2025T15:21:39 - [TEST_STEP][PASSED] - else: data state is null

15-06-2025T15:21:39 - [TEST_STEP][PASSED] - comment("data state is null"): data state is null

15-06-2025T15:21:39 - [MESSAGE][INFO] - data state is null

15-06-2025T15:21:39 - [TEST_STEP][PASSED] - if (city != null && city != ""): null

15-06-2025T15:21:39 - [TEST_STEP][PASSED] - else: data city is null

15-06-2025T15:21:39 - [TEST_STEP][PASSED] - comment("data city is null"): data city is null

15-06-2025T15:21:39 - [MESSAGE][INFO] - data city is null

15-06-2025T15:21:39 - [TEST_STEP][PASSED] - scrollToElement(findTestObject("Object Repository/Practice Form/button - Submit"), 0): Scroll to object 'Object Repository/Practice Form/button - Submit' successfully

15-06-2025T15:21:39 - [MESSAGE][WARNING] - Timeout '0' is invalid. Using default page load timeout: '30'

15-06-2025T15:21:39 - [MESSAGE][PASSED] - Scroll to object 'Object Repository/Practice Form/button - Submit' successfully

15-06-2025T15:21:39 - [TEST_STEP][PASSED] - click(findTestObject("Object Repository/Practice Form/button - Submit")): Object: 'Object Repository/Practice Form/button - Submit' is clicked on

15-06-2025T15:21:39 - [MESSAGE][PASSED] - Object: 'Object Repository/Practice Form/button - Submit' is clicked on

15-06-2025T15:21:39 - [TEST_STEP][PASSED] - verifyElementNotPresent(findTestObject("Object Repository/Modal/txt - Modal title"), 2, CONTINUE_ON_FAILURE): Web element with id: 'Object Repository/Modal/txt - Modal title' located by 'By.xpath: //div[@id='example-modal-sizes-title-lg']' is not present after '2' second(s)

15-06-2025T15:21:39 - [MESSAGE][PASSED] - Web element with id: 'Object Repository/Modal/txt - Modal title' located by 'By.xpath: //div[@id='example-modal-sizes-title-lg']' is not present after '2' second(s)

15-06-2025T15:21:39 - [TEST_STEP][PASSED] - markPassed("Validation case : " + testNote): Validation case : input invalid mobile

15-06-2025T15:21:39 - [MESSAGE][PASSED] - Validation case : input invalid mobile

15-06-2025T15:21:39 - [TEST_STEP][PASSED] - closeBrowser(): Browser is closed

15-06-2025T15:21:40 - [MESSAGE][PASSED] - Browser is closed]]></system-out>
         <system-err><![CDATA[]]></system-err>
      </testcase>
      <system-out><![CDATA[15-06-2025T15:18:47 - [TEST_SUITE][PASSED] - Invalid data form: Test Cases/1. Validating Form/VLD 2 - Mandatory field negative validation]]></system-out>
      <system-err><![CDATA[]]></system-err>
   </testsuite>
</testsuites>
